[0.032s] Invoking command in '/home/ros2/Ros2Projects/oom_ws/build/custom_interface': CMAKE_PREFIX_PATH=/opt/ros/foxy /bin/cmake --build /home/ros2/Ros2Projects/oom_ws/build/custom_interface -- -j12 -l12
[0.158s] [  3%] Built target custom_interface__cpp
[0.166s] [ 12%] Built target custom_interface__rosidl_generator_c
[0.183s] [ 32%] Built target custom_interface__rosidl_typesupport_introspection_cpp
[0.183s] [ 32%] Built target custom_interface__rosidl_typesupport_cpp
[0.192s] [ 41%] Built target custom_interface__rosidl_typesupport_c
[0.194s] [ 51%] Built target custom_interface__rosidl_typesupport_introspection_c
[0.201s] [ 61%] Built target custom_interface__rosidl_typesupport_fastrtps_cpp
[0.235s] [ 70%] Built target custom_interface__rosidl_typesupport_fastrtps_c
[0.255s] [ 70%] Built target custom_interface
[0.277s] [ 74%] Built target custom_interface__py
[0.309s] [ 80%] Built target custom_interface__python
[0.341s] [ 90%] Built target custom_interface__rosidl_typesupport_introspection_c__pyext
[0.341s] [ 93%] Built target custom_interface__rosidl_typesupport_c__pyext
[0.341s] [100%] Built target custom_interface__rosidl_typesupport_fastrtps_c__pyext
[0.352s] Invoked command in '/home/ros2/Ros2Projects/oom_ws/build/custom_interface' returned '0': CMAKE_PREFIX_PATH=/opt/ros/foxy /bin/cmake --build /home/ros2/Ros2Projects/oom_ws/build/custom_interface -- -j12 -l12
[0.422s] Invoking command in '/home/ros2/Ros2Projects/oom_ws/build/custom_interface': CMAKE_PREFIX_PATH=/opt/ros/foxy /bin/cmake --install /home/ros2/Ros2Projects/oom_ws/build/custom_interface
[0.430s] -- Install configuration: ""
[0.431s] -- Up-to-date: /home/ros2/Ros2Projects/oom_ws/install/custom_interface/share/ament_index/resource_index/rosidl_interfaces/custom_interface
[0.431s] -- Up-to-date: /home/ros2/Ros2Projects/oom_ws/install/custom_interface/include/custom_interface
[0.432s] -- Up-to-date: /home/ros2/Ros2Projects/oom_ws/install/custom_interface/include/custom_interface/msg
[0.432s] -- Up-to-date: /home/ros2/Ros2Projects/oom_ws/install/custom_interface/include/custom_interface/msg/detail
[0.432s] -- Up-to-date: /home/ros2/Ros2Projects/oom_ws/install/custom_interface/include/custom_interface/msg/detail/start_car__functions.h
[0.432s] -- Up-to-date: /home/ros2/Ros2Projects/oom_ws/install/custom_interface/include/custom_interface/msg/detail/start_car__type_support.h
[0.432s] -- Up-to-date: /home/ros2/Ros2Projects/oom_ws/install/custom_interface/include/custom_interface/msg/detail/start_car__struct.h
[0.432s] -- Up-to-date: /home/ros2/Ros2Projects/oom_ws/install/custom_interface/include/custom_interface/msg/detail/start_car__functions.c
[0.432s] -- Up-to-date: /home/ros2/Ros2Projects/oom_ws/install/custom_interface/include/custom_interface/msg/rosidl_generator_c__visibility_control.h
[0.432s] -- Up-to-date: /home/ros2/Ros2Projects/oom_ws/install/custom_interface/include/custom_interface/msg/start_car.h
[0.432s] -- Up-to-date: /home/ros2/Ros2Projects/oom_ws/install/custom_interface/share/custom_interface/environment/library_path.sh
[0.432s] -- Up-to-date: /home/ros2/Ros2Projects/oom_ws/install/custom_interface/share/custom_interface/environment/library_path.dsv
[0.433s] -- Up-to-date: /home/ros2/Ros2Projects/oom_ws/install/custom_interface/lib/libcustom_interface__rosidl_generator_c.so
[0.433s] -- Up-to-date: /home/ros2/Ros2Projects/oom_ws/install/custom_interface/include/custom_interface
[0.434s] -- Up-to-date: /home/ros2/Ros2Projects/oom_ws/install/custom_interface/include/custom_interface/msg
[0.434s] -- Up-to-date: /home/ros2/Ros2Projects/oom_ws/install/custom_interface/include/custom_interface/msg/detail
[0.434s] -- Up-to-date: /home/ros2/Ros2Projects/oom_ws/install/custom_interface/include/custom_interface/msg/detail/start_car__rosidl_typesupport_fastrtps_c.h
[0.434s] -- Up-to-date: /home/ros2/Ros2Projects/oom_ws/install/custom_interface/include/custom_interface/msg/rosidl_typesupport_fastrtps_c__visibility_control.h
[0.434s] -- Up-to-date: /home/ros2/Ros2Projects/oom_ws/install/custom_interface/lib/libcustom_interface__rosidl_typesupport_fastrtps_c.so
[0.435s] -- Up-to-date: /home/ros2/Ros2Projects/oom_ws/install/custom_interface/include/custom_interface
[0.435s] -- Up-to-date: /home/ros2/Ros2Projects/oom_ws/install/custom_interface/include/custom_interface/msg
[0.435s] -- Up-to-date: /home/ros2/Ros2Projects/oom_ws/install/custom_interface/include/custom_interface/msg/detail
[0.435s] -- Up-to-date: /home/ros2/Ros2Projects/oom_ws/install/custom_interface/include/custom_interface/msg/detail/start_car__rosidl_typesupport_fastrtps_cpp.hpp
[0.435s] -- Up-to-date: /home/ros2/Ros2Projects/oom_ws/install/custom_interface/include/custom_interface/msg/detail/dds_fastrtps
[0.435s] -- Up-to-date: /home/ros2/Ros2Projects/oom_ws/install/custom_interface/include/custom_interface/msg/rosidl_typesupport_fastrtps_cpp__visibility_control.h
[0.436s] -- Up-to-date: /home/ros2/Ros2Projects/oom_ws/install/custom_interface/lib/libcustom_interface__rosidl_typesupport_fastrtps_cpp.so
[0.436s] -- Up-to-date: /home/ros2/Ros2Projects/oom_ws/install/custom_interface/include/custom_interface
[0.436s] -- Up-to-date: /home/ros2/Ros2Projects/oom_ws/install/custom_interface/include/custom_interface/msg
[0.436s] -- Up-to-date: /home/ros2/Ros2Projects/oom_ws/install/custom_interface/include/custom_interface/msg/detail
[0.437s] -- Up-to-date: /home/ros2/Ros2Projects/oom_ws/install/custom_interface/include/custom_interface/msg/detail/start_car__type_support.c
[0.437s] -- Up-to-date: /home/ros2/Ros2Projects/oom_ws/install/custom_interface/include/custom_interface/msg/detail/start_car__rosidl_typesupport_introspection_c.h
[0.437s] -- Up-to-date: /home/ros2/Ros2Projects/oom_ws/install/custom_interface/include/custom_interface/msg/rosidl_typesupport_introspection_c__visibility_control.h
[0.437s] -- Up-to-date: /home/ros2/Ros2Projects/oom_ws/install/custom_interface/lib/libcustom_interface__rosidl_typesupport_introspection_c.so
[0.438s] -- Up-to-date: /home/ros2/Ros2Projects/oom_ws/install/custom_interface/lib/libcustom_interface__rosidl_typesupport_c.so
[0.438s] -- Up-to-date: /home/ros2/Ros2Projects/oom_ws/install/custom_interface/include/custom_interface
[0.438s] -- Up-to-date: /home/ros2/Ros2Projects/oom_ws/install/custom_interface/include/custom_interface/msg
[0.439s] -- Up-to-date: /home/ros2/Ros2Projects/oom_ws/install/custom_interface/include/custom_interface/msg/detail
[0.439s] -- Up-to-date: /home/ros2/Ros2Projects/oom_ws/install/custom_interface/include/custom_interface/msg/detail/start_car__builder.hpp
[0.439s] -- Up-to-date: /home/ros2/Ros2Projects/oom_ws/install/custom_interface/include/custom_interface/msg/detail/start_car__traits.hpp
[0.439s] -- Up-to-date: /home/ros2/Ros2Projects/oom_ws/install/custom_interface/include/custom_interface/msg/detail/start_car__struct.hpp
[0.439s] -- Up-to-date: /home/ros2/Ros2Projects/oom_ws/install/custom_interface/include/custom_interface/msg/start_car.hpp
[0.439s] -- Up-to-date: /home/ros2/Ros2Projects/oom_ws/install/custom_interface/include/custom_interface
[0.440s] -- Up-to-date: /home/ros2/Ros2Projects/oom_ws/install/custom_interface/include/custom_interface/msg
[0.440s] -- Up-to-date: /home/ros2/Ros2Projects/oom_ws/install/custom_interface/include/custom_interface/msg/detail
[0.440s] -- Up-to-date: /home/ros2/Ros2Projects/oom_ws/install/custom_interface/include/custom_interface/msg/detail/start_car__type_support.cpp
[0.440s] -- Up-to-date: /home/ros2/Ros2Projects/oom_ws/install/custom_interface/include/custom_interface/msg/detail/start_car__rosidl_typesupport_introspection_cpp.hpp
[0.440s] -- Up-to-date: /home/ros2/Ros2Projects/oom_ws/install/custom_interface/lib/libcustom_interface__rosidl_typesupport_introspection_cpp.so
[0.440s] -- Up-to-date: /home/ros2/Ros2Projects/oom_ws/install/custom_interface/lib/libcustom_interface__rosidl_typesupport_cpp.so
[0.441s] -- Up-to-date: /home/ros2/Ros2Projects/oom_ws/install/custom_interface/share/custom_interface/environment/pythonpath.sh
[0.441s] -- Up-to-date: /home/ros2/Ros2Projects/oom_ws/install/custom_interface/share/custom_interface/environment/pythonpath.dsv
[0.441s] -- Up-to-date: /home/ros2/Ros2Projects/oom_ws/install/custom_interface/lib/python3.8/site-packages/custom_interface/__init__.py
[0.473s] -- Up-to-date: /home/ros2/Ros2Projects/oom_ws/install/custom_interface/lib/python3.8/site-packages/custom_interface/msg
[0.473s] -- Up-to-date: /home/ros2/Ros2Projects/oom_ws/install/custom_interface/lib/python3.8/site-packages/custom_interface/msg/__init__.py
[0.473s] -- Up-to-date: /home/ros2/Ros2Projects/oom_ws/install/custom_interface/lib/python3.8/site-packages/custom_interface/msg/_start_car_s.c
[0.473s] -- Up-to-date: /home/ros2/Ros2Projects/oom_ws/install/custom_interface/lib/python3.8/site-packages/custom_interface/msg/_start_car.py
[0.474s] -- Up-to-date: /home/ros2/Ros2Projects/oom_ws/install/custom_interface/lib/python3.8/site-packages/custom_interface/custom_interface_s__rosidl_typesupport_fastrtps_c.cpython-38-x86_64-linux-gnu.so
[0.475s] -- Up-to-date: /home/ros2/Ros2Projects/oom_ws/install/custom_interface/lib/python3.8/site-packages/custom_interface/custom_interface_s__rosidl_typesupport_introspection_c.cpython-38-x86_64-linux-gnu.so
[0.476s] -- Up-to-date: /home/ros2/Ros2Projects/oom_ws/install/custom_interface/lib/python3.8/site-packages/custom_interface/custom_interface_s__rosidl_typesupport_c.cpython-38-x86_64-linux-gnu.so
[0.477s] -- Up-to-date: /home/ros2/Ros2Projects/oom_ws/install/custom_interface/lib/libcustom_interface__python.so
[0.477s] -- Up-to-date: /home/ros2/Ros2Projects/oom_ws/install/custom_interface/share/custom_interface/msg/StartCar.idl
[0.477s] -- Up-to-date: /home/ros2/Ros2Projects/oom_ws/install/custom_interface/share/custom_interface/msg/StartCar.msg
[0.478s] -- Up-to-date: /home/ros2/Ros2Projects/oom_ws/install/custom_interface/share/ament_index/resource_index/package_run_dependencies/custom_interface
[0.478s] -- Up-to-date: /home/ros2/Ros2Projects/oom_ws/install/custom_interface/share/ament_index/resource_index/parent_prefix_path/custom_interface
[0.478s] -- Up-to-date: /home/ros2/Ros2Projects/oom_ws/install/custom_interface/share/custom_interface/environment/ament_prefix_path.sh
[0.478s] -- Up-to-date: /home/ros2/Ros2Projects/oom_ws/install/custom_interface/share/custom_interface/environment/ament_prefix_path.dsv
[0.478s] -- Up-to-date: /home/ros2/Ros2Projects/oom_ws/install/custom_interface/share/custom_interface/environment/path.sh
[0.478s] -- Up-to-date: /home/ros2/Ros2Projects/oom_ws/install/custom_interface/share/custom_interface/environment/path.dsv
[0.479s] -- Up-to-date: /home/ros2/Ros2Projects/oom_ws/install/custom_interface/share/custom_interface/local_setup.bash
[0.479s] -- Up-to-date: /home/ros2/Ros2Projects/oom_ws/install/custom_interface/share/custom_interface/local_setup.sh
[0.479s] -- Up-to-date: /home/ros2/Ros2Projects/oom_ws/install/custom_interface/share/custom_interface/local_setup.zsh
[0.479s] -- Up-to-date: /home/ros2/Ros2Projects/oom_ws/install/custom_interface/share/custom_interface/local_setup.dsv
[0.479s] -- Installing: /home/ros2/Ros2Projects/oom_ws/install/custom_interface/share/custom_interface/package.dsv
[0.479s] -- Up-to-date: /home/ros2/Ros2Projects/oom_ws/install/custom_interface/share/ament_index/resource_index/packages/custom_interface
[0.480s] -- Up-to-date: /home/ros2/Ros2Projects/oom_ws/install/custom_interface/share/custom_interface/cmake/custom_interface__rosidl_generator_cExport.cmake
[0.480s] -- Up-to-date: /home/ros2/Ros2Projects/oom_ws/install/custom_interface/share/custom_interface/cmake/custom_interface__rosidl_generator_cExport-noconfig.cmake
[0.481s] -- Up-to-date: /home/ros2/Ros2Projects/oom_ws/install/custom_interface/share/custom_interface/cmake/custom_interface__rosidl_typesupport_introspection_cExport.cmake
[0.481s] -- Up-to-date: /home/ros2/Ros2Projects/oom_ws/install/custom_interface/share/custom_interface/cmake/custom_interface__rosidl_typesupport_introspection_cExport-noconfig.cmake
[0.481s] -- Up-to-date: /home/ros2/Ros2Projects/oom_ws/install/custom_interface/share/custom_interface/cmake/custom_interface__rosidl_typesupport_cExport.cmake
[0.482s] -- Up-to-date: /home/ros2/Ros2Projects/oom_ws/install/custom_interface/share/custom_interface/cmake/custom_interface__rosidl_typesupport_cExport-noconfig.cmake
[0.483s] -- Up-to-date: /home/ros2/Ros2Projects/oom_ws/install/custom_interface/share/custom_interface/cmake/custom_interface__rosidl_generator_cppExport.cmake
[0.484s] -- Up-to-date: /home/ros2/Ros2Projects/oom_ws/install/custom_interface/share/custom_interface/cmake/custom_interface__rosidl_typesupport_introspection_cppExport.cmake
[0.484s] -- Up-to-date: /home/ros2/Ros2Projects/oom_ws/install/custom_interface/share/custom_interface/cmake/custom_interface__rosidl_typesupport_introspection_cppExport-noconfig.cmake
[0.484s] -- Up-to-date: /home/ros2/Ros2Projects/oom_ws/install/custom_interface/share/custom_interface/cmake/custom_interface__rosidl_typesupport_cppExport.cmake
[0.485s] -- Up-to-date: /home/ros2/Ros2Projects/oom_ws/install/custom_interface/share/custom_interface/cmake/custom_interface__rosidl_typesupport_cppExport-noconfig.cmake
[0.485s] -- Up-to-date: /home/ros2/Ros2Projects/oom_ws/install/custom_interface/share/custom_interface/cmake/rosidl_cmake-extras.cmake
[0.485s] -- Up-to-date: /home/ros2/Ros2Projects/oom_ws/install/custom_interface/share/custom_interface/cmake/ament_cmake_export_dependencies-extras.cmake
[0.485s] -- Up-to-date: /home/ros2/Ros2Projects/oom_ws/install/custom_interface/share/custom_interface/cmake/ament_cmake_export_libraries-extras.cmake
[0.485s] -- Up-to-date: /home/ros2/Ros2Projects/oom_ws/install/custom_interface/share/custom_interface/cmake/ament_cmake_export_targets-extras.cmake
[0.485s] -- Up-to-date: /home/ros2/Ros2Projects/oom_ws/install/custom_interface/share/custom_interface/cmake/ament_cmake_export_include_directories-extras.cmake
[0.485s] -- Up-to-date: /home/ros2/Ros2Projects/oom_ws/install/custom_interface/share/custom_interface/cmake/rosidl_cmake_export_typesupport_libraries-extras.cmake
[0.486s] -- Up-to-date: /home/ros2/Ros2Projects/oom_ws/install/custom_interface/share/custom_interface/cmake/rosidl_cmake_export_typesupport_targets-extras.cmake
[0.486s] -- Up-to-date: /home/ros2/Ros2Projects/oom_ws/install/custom_interface/share/custom_interface/cmake/custom_interfaceConfig.cmake
[0.486s] -- Up-to-date: /home/ros2/Ros2Projects/oom_ws/install/custom_interface/share/custom_interface/cmake/custom_interfaceConfig-version.cmake
[0.486s] -- Up-to-date: /home/ros2/Ros2Projects/oom_ws/install/custom_interface/share/custom_interface/package.xml
[0.489s] Invoked command in '/home/ros2/Ros2Projects/oom_ws/build/custom_interface' returned '0': CMAKE_PREFIX_PATH=/opt/ros/foxy /bin/cmake --install /home/ros2/Ros2Projects/oom_ws/build/custom_interface
