[0.404s] Invoking command in '/home/ros2/Ros2Projects/oom_ws/src/ros2_term_project': PYTHONPATH=/home/ros2/Ros2Projects/oom_ws/install/ros2_term_project/lib/python3.8/site-packages:${PYTHONPATH} /usr/bin/python3 setup.py egg_info --egg-base ../../build/ros2_term_project build --build-base /home/ros2/Ros2Projects/oom_ws/build/ros2_term_project/build install --prefix /home/ros2/Ros2Projects/oom_ws/install/ros2_term_project --record /home/ros2/Ros2Projects/oom_ws/build/ros2_term_project/install.log --single-version-externally-managed
[0.506s] running egg_info
[0.506s] writing ../../build/ros2_term_project/ros2_term_project.egg-info/PKG-INFO
[0.507s] writing dependency_links to ../../build/ros2_term_project/ros2_term_project.egg-info/dependency_links.txt
[0.507s] writing entry points to ../../build/ros2_term_project/ros2_term_project.egg-info/entry_points.txt
[0.507s] writing requirements to ../../build/ros2_term_project/ros2_term_project.egg-info/requires.txt
[0.507s] writing top-level names to ../../build/ros2_term_project/ros2_term_project.egg-info/top_level.txt
[0.532s] reading manifest file '../../build/ros2_term_project/ros2_term_project.egg-info/SOURCES.txt'
[0.533s] writing manifest file '../../build/ros2_term_project/ros2_term_project.egg-info/SOURCES.txt'
[0.533s] running build
[0.533s] running build_py
[0.533s] running install
[0.534s] running install_lib
[0.535s] running install_data
[0.536s] running install_egg_info
[0.537s] removing '/home/ros2/Ros2Projects/oom_ws/install/ros2_term_project/lib/python3.8/site-packages/ros2_term_project-0.0.0-py3.8.egg-info' (and everything under it)
[0.538s] Copying ../../build/ros2_term_project/ros2_term_project.egg-info to /home/ros2/Ros2Projects/oom_ws/install/ros2_term_project/lib/python3.8/site-packages/ros2_term_project-0.0.0-py3.8.egg-info
[0.538s] running install_scripts
[0.548s] Installing car_mover script to /home/ros2/Ros2Projects/oom_ws/install/ros2_term_project/lib/ros2_term_project
[0.548s] Installing cube_mover script to /home/ros2/Ros2Projects/oom_ws/install/ros2_term_project/lib/ros2_term_project
[0.549s] Installing follower script to /home/ros2/Ros2Projects/oom_ws/install/ros2_term_project/lib/ros2_term_project
[0.549s] writing list of installed files to '/home/ros2/Ros2Projects/oom_ws/build/ros2_term_project/install.log'
[0.561s] Invoked command in '/home/ros2/Ros2Projects/oom_ws/src/ros2_term_project' returned '0': PYTHONPATH=/home/ros2/Ros2Projects/oom_ws/install/ros2_term_project/lib/python3.8/site-packages:${PYTHONPATH} /usr/bin/python3 setup.py egg_info --egg-base ../../build/ros2_term_project build --build-base /home/ros2/Ros2Projects/oom_ws/build/ros2_term_project/build install --prefix /home/ros2/Ros2Projects/oom_ws/install/ros2_term_project --record /home/ros2/Ros2Projects/oom_ws/build/ros2_term_project/install.log --single-version-externally-managed
