[0.259s] DEBUG:colcon:Command line arguments: ['/bin/colcon', 'build']
[0.259s] DEBUG:colcon:Parsed command line arguments: Namespace(allow_overriding=[], ament_cmake_args=None, base_paths=['.'], build_base='build', catkin_cmake_args=None, catkin_skip_building_tests=False, cmake_args=None, cmake_clean_cache=False, cmake_clean_first=False, cmake_force_configure=False, cmake_target=None, cmake_target_skip_unavailable=False, continue_on_error=False, event_handlers=None, executor='parallel', ignore_user_meta=False, install_base='install', log_base=None, log_level=None, main=<bound method BuildVerb.main of <colcon_core.verb.build.BuildVerb object at 0x7f092952e0d0>>, merge_install=False, metas=['./colcon.meta'], packages_above=None, packages_above_and_dependencies=None, packages_above_depth=None, packages_end=None, packages_ignore=None, packages_ignore_regex=None, packages_select=None, packages_select_build_failed=False, packages_select_by_dep=None, packages_select_regex=None, packages_select_test_failures=False, packages_skip=None, packages_skip_build_finished=False, packages_skip_by_dep=None, packages_skip_regex=None, packages_skip_test_passed=False, packages_skip_up_to=None, packages_start=None, packages_up_to=None, packages_up_to_regex=None, parallel_workers=12, paths=None, symlink_install=False, test_result_base=None, verb_extension=<colcon_core.verb.build.BuildVerb object at 0x7f092952e0d0>, verb_name='build', verb_parser=<colcon_defaults.argument_parser.defaults.DefaultArgumentsDecorator object at 0x7f092952e610>)
[0.303s] Level 1:colcon.colcon_core.package_discovery:discover_packages(colcon_meta) check parameters
[0.303s] Level 1:colcon.colcon_core.package_discovery:discover_packages(recursive) check parameters
[0.303s] Level 1:colcon.colcon_core.package_discovery:discover_packages(ignore) check parameters
[0.303s] Level 1:colcon.colcon_core.package_discovery:discover_packages(path) check parameters
[0.303s] Level 1:colcon.colcon_core.package_discovery:discover_packages(colcon_meta) discover
[0.304s] Level 1:colcon.colcon_core.package_discovery:discover_packages(recursive) discover
[0.304s] INFO:colcon.colcon_core.package_discovery:Crawling recursively for packages in '/home/ros2/Ros2Projects/oom_ws'
[0.304s] Level 1:colcon.colcon_core.package_identification:_identify(.) by extensions ['ignore', 'ignore_ament_install']
[0.304s] Level 1:colcon.colcon_core.package_identification:_identify(.) by extension 'ignore'
[0.304s] Level 1:colcon.colcon_core.package_identification:_identify(.) by extension 'ignore_ament_install'
[0.304s] Level 1:colcon.colcon_core.package_identification:_identify(.) by extensions ['colcon_pkg']
[0.304s] Level 1:colcon.colcon_core.package_identification:_identify(.) by extension 'colcon_pkg'
[0.304s] Level 1:colcon.colcon_core.package_identification:_identify(.) by extensions ['colcon_meta']
[0.304s] Level 1:colcon.colcon_core.package_identification:_identify(.) by extension 'colcon_meta'
[0.304s] Level 1:colcon.colcon_core.package_identification:_identify(.) by extensions ['ros']
[0.304s] Level 1:colcon.colcon_core.package_identification:_identify(.) by extension 'ros'
[0.319s] Level 1:colcon.colcon_core.package_identification:_identify(.) by extensions ['cmake', 'python']
[0.319s] Level 1:colcon.colcon_core.package_identification:_identify(.) by extension 'cmake'
[0.319s] Level 1:colcon.colcon_core.package_identification:_identify(.) by extension 'python'
[0.319s] Level 1:colcon.colcon_core.package_identification:_identify(.) by extensions ['python_setup_py']
[0.319s] Level 1:colcon.colcon_core.package_identification:_identify(.) by extension 'python_setup_py'
[0.319s] Level 1:colcon.colcon_core.package_identification:_identify(build) by extensions ['ignore', 'ignore_ament_install']
[0.319s] Level 1:colcon.colcon_core.package_identification:_identify(build) by extension 'ignore'
[0.319s] Level 1:colcon.colcon_core.package_identification:_identify(build) ignored
[0.319s] Level 1:colcon.colcon_core.package_identification:_identify(install) by extensions ['ignore', 'ignore_ament_install']
[0.319s] Level 1:colcon.colcon_core.package_identification:_identify(install) by extension 'ignore'
[0.319s] Level 1:colcon.colcon_core.package_identification:_identify(install) ignored
[0.319s] Level 1:colcon.colcon_core.package_identification:_identify(log) by extensions ['ignore', 'ignore_ament_install']
[0.319s] Level 1:colcon.colcon_core.package_identification:_identify(log) by extension 'ignore'
[0.320s] Level 1:colcon.colcon_core.package_identification:_identify(log) ignored
[0.320s] Level 1:colcon.colcon_core.package_identification:_identify(src) by extensions ['ignore', 'ignore_ament_install']
[0.320s] Level 1:colcon.colcon_core.package_identification:_identify(src) by extension 'ignore'
[0.321s] Level 1:colcon.colcon_core.package_identification:_identify(src) by extension 'ignore_ament_install'
[0.321s] Level 1:colcon.colcon_core.package_identification:_identify(src) by extensions ['colcon_pkg']
[0.321s] Level 1:colcon.colcon_core.package_identification:_identify(src) by extension 'colcon_pkg'
[0.321s] Level 1:colcon.colcon_core.package_identification:_identify(src) by extensions ['colcon_meta']
[0.321s] Level 1:colcon.colcon_core.package_identification:_identify(src) by extension 'colcon_meta'
[0.321s] Level 1:colcon.colcon_core.package_identification:_identify(src) by extensions ['ros']
[0.321s] Level 1:colcon.colcon_core.package_identification:_identify(src) by extension 'ros'
[0.321s] Level 1:colcon.colcon_core.package_identification:_identify(src) by extensions ['cmake', 'python']
[0.321s] Level 1:colcon.colcon_core.package_identification:_identify(src) by extension 'cmake'
[0.321s] Level 1:colcon.colcon_core.package_identification:_identify(src) by extension 'python'
[0.321s] Level 1:colcon.colcon_core.package_identification:_identify(src) by extensions ['python_setup_py']
[0.321s] Level 1:colcon.colcon_core.package_identification:_identify(src) by extension 'python_setup_py'
[0.322s] Level 1:colcon.colcon_core.package_identification:_identify(src/custom_interface) by extensions ['ignore', 'ignore_ament_install']
[0.322s] Level 1:colcon.colcon_core.package_identification:_identify(src/custom_interface) by extension 'ignore'
[0.322s] Level 1:colcon.colcon_core.package_identification:_identify(src/custom_interface) by extension 'ignore_ament_install'
[0.322s] Level 1:colcon.colcon_core.package_identification:_identify(src/custom_interface) by extensions ['colcon_pkg']
[0.322s] Level 1:colcon.colcon_core.package_identification:_identify(src/custom_interface) by extension 'colcon_pkg'
[0.322s] Level 1:colcon.colcon_core.package_identification:_identify(src/custom_interface) by extensions ['colcon_meta']
[0.322s] Level 1:colcon.colcon_core.package_identification:_identify(src/custom_interface) by extension 'colcon_meta'
[0.322s] Level 1:colcon.colcon_core.package_identification:_identify(src/custom_interface) by extensions ['ros']
[0.322s] Level 1:colcon.colcon_core.package_identification:_identify(src/custom_interface) by extension 'ros'
[0.326s] DEBUG:colcon.colcon_core.package_identification:Package 'src/custom_interface' with type 'ros.ament_cmake' and name 'custom_interface'
[0.327s] Level 1:colcon.colcon_core.package_identification:_identify(src/ros2_term_project) by extensions ['ignore', 'ignore_ament_install']
[0.327s] Level 1:colcon.colcon_core.package_identification:_identify(src/ros2_term_project) by extension 'ignore'
[0.327s] Level 1:colcon.colcon_core.package_identification:_identify(src/ros2_term_project) by extension 'ignore_ament_install'
[0.327s] Level 1:colcon.colcon_core.package_identification:_identify(src/ros2_term_project) by extensions ['colcon_pkg']
[0.327s] Level 1:colcon.colcon_core.package_identification:_identify(src/ros2_term_project) by extension 'colcon_pkg'
[0.327s] Level 1:colcon.colcon_core.package_identification:_identify(src/ros2_term_project) by extensions ['colcon_meta']
[0.327s] Level 1:colcon.colcon_core.package_identification:_identify(src/ros2_term_project) by extension 'colcon_meta'
[0.327s] Level 1:colcon.colcon_core.package_identification:_identify(src/ros2_term_project) by extensions ['ros']
[0.327s] Level 1:colcon.colcon_core.package_identification:_identify(src/ros2_term_project) by extension 'ros'
[0.329s] DEBUG:colcon.colcon_core.package_identification:Package 'src/ros2_term_project' with type 'ros.ament_python' and name 'ros2_term_project'
[0.329s] Level 1:colcon.colcon_core.package_discovery:discover_packages(recursive) using defaults
[0.329s] Level 1:colcon.colcon_core.package_discovery:discover_packages(ignore) discover
[0.329s] Level 1:colcon.colcon_core.package_discovery:discover_packages(ignore) using defaults
[0.329s] Level 1:colcon.colcon_core.package_discovery:discover_packages(path) discover
[0.329s] Level 1:colcon.colcon_core.package_discovery:discover_packages(path) using defaults
[0.355s] Level 1:colcon.colcon_core.package_discovery:discover_packages(prefix_path) check parameters
[0.355s] Level 1:colcon.colcon_core.package_discovery:discover_packages(prefix_path) discover
[0.361s] DEBUG:colcon.colcon_installed_package_information.package_discovery:Found 409 installed packages in /opt/ros/foxy
[0.371s] Level 1:colcon.colcon_core.package_discovery:discover_packages(prefix_path) using defaults
[0.479s] Level 5:colcon.colcon_core.verb:set package 'custom_interface' build argument 'cmake_args' from command line to 'None'
[0.479s] Level 5:colcon.colcon_core.verb:set package 'custom_interface' build argument 'cmake_target' from command line to 'None'
[0.479s] Level 5:colcon.colcon_core.verb:set package 'custom_interface' build argument 'cmake_target_skip_unavailable' from command line to 'False'
[0.479s] Level 5:colcon.colcon_core.verb:set package 'custom_interface' build argument 'cmake_clean_cache' from command line to 'False'
[0.479s] Level 5:colcon.colcon_core.verb:set package 'custom_interface' build argument 'cmake_clean_first' from command line to 'False'
[0.479s] Level 5:colcon.colcon_core.verb:set package 'custom_interface' build argument 'cmake_force_configure' from command line to 'False'
[0.479s] Level 5:colcon.colcon_core.verb:set package 'custom_interface' build argument 'ament_cmake_args' from command line to 'None'
[0.479s] Level 5:colcon.colcon_core.verb:set package 'custom_interface' build argument 'catkin_cmake_args' from command line to 'None'
[0.479s] Level 5:colcon.colcon_core.verb:set package 'custom_interface' build argument 'catkin_skip_building_tests' from command line to 'False'
[0.479s] DEBUG:colcon.colcon_core.verb:Building package 'custom_interface' with the following arguments: {'ament_cmake_args': None, 'build_base': '/home/ros2/Ros2Projects/oom_ws/build/custom_interface', 'catkin_cmake_args': None, 'catkin_skip_building_tests': False, 'cmake_args': None, 'cmake_clean_cache': False, 'cmake_clean_first': False, 'cmake_force_configure': False, 'cmake_target': None, 'cmake_target_skip_unavailable': False, 'install_base': '/home/ros2/Ros2Projects/oom_ws/install/custom_interface', 'merge_install': False, 'path': '/home/ros2/Ros2Projects/oom_ws/src/custom_interface', 'symlink_install': False, 'test_result_base': None}
[0.480s] Level 5:colcon.colcon_core.verb:set package 'ros2_term_project' build argument 'cmake_args' from command line to 'None'
[0.480s] Level 5:colcon.colcon_core.verb:set package 'ros2_term_project' build argument 'cmake_target' from command line to 'None'
[0.480s] Level 5:colcon.colcon_core.verb:set package 'ros2_term_project' build argument 'cmake_target_skip_unavailable' from command line to 'False'
[0.480s] Level 5:colcon.colcon_core.verb:set package 'ros2_term_project' build argument 'cmake_clean_cache' from command line to 'False'
[0.480s] Level 5:colcon.colcon_core.verb:set package 'ros2_term_project' build argument 'cmake_clean_first' from command line to 'False'
[0.480s] Level 5:colcon.colcon_core.verb:set package 'ros2_term_project' build argument 'cmake_force_configure' from command line to 'False'
[0.480s] Level 5:colcon.colcon_core.verb:set package 'ros2_term_project' build argument 'ament_cmake_args' from command line to 'None'
[0.480s] Level 5:colcon.colcon_core.verb:set package 'ros2_term_project' build argument 'catkin_cmake_args' from command line to 'None'
[0.480s] Level 5:colcon.colcon_core.verb:set package 'ros2_term_project' build argument 'catkin_skip_building_tests' from command line to 'False'
[0.480s] DEBUG:colcon.colcon_core.verb:Building package 'ros2_term_project' with the following arguments: {'ament_cmake_args': None, 'build_base': '/home/ros2/Ros2Projects/oom_ws/build/ros2_term_project', 'catkin_cmake_args': None, 'catkin_skip_building_tests': False, 'cmake_args': None, 'cmake_clean_cache': False, 'cmake_clean_first': False, 'cmake_force_configure': False, 'cmake_target': None, 'cmake_target_skip_unavailable': False, 'install_base': '/home/ros2/Ros2Projects/oom_ws/install/ros2_term_project', 'merge_install': False, 'path': '/home/ros2/Ros2Projects/oom_ws/src/ros2_term_project', 'symlink_install': False, 'test_result_base': None}
[0.481s] INFO:colcon.colcon_core.executor:Executing jobs using 'parallel' executor
[0.485s] DEBUG:colcon.colcon_parallel_executor.executor.parallel:run_until_complete
[0.485s] INFO:colcon.colcon_ros.task.ament_cmake.build:Building ROS package in '/home/ros2/Ros2Projects/oom_ws/src/custom_interface' with build type 'ament_cmake'
[0.485s] INFO:colcon.colcon_cmake.task.cmake.build:Building CMake package in '/home/ros2/Ros2Projects/oom_ws/src/custom_interface'
[0.493s] INFO:colcon.colcon_core.plugin_system:Skipping extension 'colcon_core.shell.bat': Not used on non-Windows systems
[0.493s] INFO:colcon.colcon_core.shell:Skip shell extension 'powershell' for command environment: Not usable outside of PowerShell
[0.494s] DEBUG:colcon.colcon_core.shell:Skip shell extension 'dsv' for command environment
[0.500s] INFO:colcon.colcon_ros.task.ament_python.build:Building ROS package in '/home/ros2/Ros2Projects/oom_ws/src/ros2_term_project' with build type 'ament_python'
[0.500s] Level 1:colcon.colcon_core.shell:create_environment_hook('ros2_term_project', 'ament_prefix_path')
[0.502s] INFO:colcon.colcon_core.shell:Creating environment hook '/home/ros2/Ros2Projects/oom_ws/install/ros2_term_project/share/ros2_term_project/hook/ament_prefix_path.ps1'
[0.504s] INFO:colcon.colcon_core.shell:Creating environment descriptor '/home/ros2/Ros2Projects/oom_ws/install/ros2_term_project/share/ros2_term_project/hook/ament_prefix_path.dsv'
[0.504s] INFO:colcon.colcon_core.shell:Creating environment hook '/home/ros2/Ros2Projects/oom_ws/install/ros2_term_project/share/ros2_term_project/hook/ament_prefix_path.sh'
[0.507s] INFO:colcon.colcon_core.shell:Skip shell extension 'powershell' for command environment: Not usable outside of PowerShell
[0.507s] DEBUG:colcon.colcon_core.shell:Skip shell extension 'dsv' for command environment
[0.518s] DEBUG:colcon.colcon_core.event_handler.log_command:Invoking command in '/home/ros2/Ros2Projects/oom_ws/build/custom_interface': CMAKE_PREFIX_PATH=/opt/ros/foxy /bin/cmake --build /home/ros2/Ros2Projects/oom_ws/build/custom_interface -- -j12 -l12
[0.718s] INFO:colcon.colcon_core.task.python.build:Building Python package in '/home/ros2/Ros2Projects/oom_ws/src/ros2_term_project'
[0.720s] INFO:colcon.colcon_core.shell:Skip shell extension 'powershell' for command environment: Not usable outside of PowerShell
[0.720s] DEBUG:colcon.colcon_core.shell:Skip shell extension 'dsv' for command environment
[0.838s] DEBUG:colcon.colcon_core.event_handler.log_command:Invoked command in '/home/ros2/Ros2Projects/oom_ws/build/custom_interface' returned '0': CMAKE_PREFIX_PATH=/opt/ros/foxy /bin/cmake --build /home/ros2/Ros2Projects/oom_ws/build/custom_interface -- -j12 -l12
[0.908s] DEBUG:colcon.colcon_core.event_handler.log_command:Invoking command in '/home/ros2/Ros2Projects/oom_ws/build/custom_interface': CMAKE_PREFIX_PATH=/opt/ros/foxy /bin/cmake --install /home/ros2/Ros2Projects/oom_ws/build/custom_interface
[0.974s] Level 1:colcon.colcon_core.environment:create_environment_scripts_only(custom_interface)
[0.975s] DEBUG:colcon.colcon_core.event_handler.log_command:Invoked command in '/home/ros2/Ros2Projects/oom_ws/build/custom_interface' returned '0': CMAKE_PREFIX_PATH=/opt/ros/foxy /bin/cmake --install /home/ros2/Ros2Projects/oom_ws/build/custom_interface
[0.988s] Level 1:colcon.colcon_core.environment:checking '/home/ros2/Ros2Projects/oom_ws/install/custom_interface' for CMake module files
[0.989s] Level 1:colcon.colcon_core.environment:checking '/home/ros2/Ros2Projects/oom_ws/install/custom_interface' for CMake config files
[0.990s] Level 1:colcon.colcon_core.shell:create_environment_hook('custom_interface', 'cmake_prefix_path')
[0.992s] INFO:colcon.colcon_core.shell:Creating environment hook '/home/ros2/Ros2Projects/oom_ws/install/custom_interface/share/custom_interface/hook/cmake_prefix_path.ps1'
[0.992s] INFO:colcon.colcon_core.shell:Creating environment descriptor '/home/ros2/Ros2Projects/oom_ws/install/custom_interface/share/custom_interface/hook/cmake_prefix_path.dsv'
[0.993s] INFO:colcon.colcon_core.shell:Creating environment hook '/home/ros2/Ros2Projects/oom_ws/install/custom_interface/share/custom_interface/hook/cmake_prefix_path.sh'
[0.994s] Level 1:colcon.colcon_core.environment:checking '/home/ros2/Ros2Projects/oom_ws/install/custom_interface/lib'
[0.994s] Level 1:colcon.colcon_core.shell:create_environment_hook('custom_interface', 'ld_library_path_lib')
[0.995s] INFO:colcon.colcon_core.shell:Creating environment hook '/home/ros2/Ros2Projects/oom_ws/install/custom_interface/share/custom_interface/hook/ld_library_path_lib.ps1'
[0.995s] INFO:colcon.colcon_core.shell:Creating environment descriptor '/home/ros2/Ros2Projects/oom_ws/install/custom_interface/share/custom_interface/hook/ld_library_path_lib.dsv'
[0.996s] INFO:colcon.colcon_core.shell:Creating environment hook '/home/ros2/Ros2Projects/oom_ws/install/custom_interface/share/custom_interface/hook/ld_library_path_lib.sh'
[0.996s] Level 1:colcon.colcon_core.environment:checking '/home/ros2/Ros2Projects/oom_ws/install/custom_interface/bin'
[0.996s] Level 1:colcon.colcon_core.environment:checking '/home/ros2/Ros2Projects/oom_ws/install/custom_interface/lib/pkgconfig/custom_interface.pc'
[0.996s] Level 1:colcon.colcon_core.environment:checking '/home/ros2/Ros2Projects/oom_ws/install/custom_interface/lib/python3.8/site-packages'
[0.996s] Level 1:colcon.colcon_core.shell:create_environment_hook('custom_interface', 'pythonpath')
[0.998s] INFO:colcon.colcon_core.shell:Creating environment hook '/home/ros2/Ros2Projects/oom_ws/install/custom_interface/share/custom_interface/hook/pythonpath.ps1'
[0.998s] INFO:colcon.colcon_core.shell:Creating environment descriptor '/home/ros2/Ros2Projects/oom_ws/install/custom_interface/share/custom_interface/hook/pythonpath.dsv'
[0.998s] INFO:colcon.colcon_core.shell:Creating environment hook '/home/ros2/Ros2Projects/oom_ws/install/custom_interface/share/custom_interface/hook/pythonpath.sh'
[0.999s] Level 1:colcon.colcon_core.environment:checking '/home/ros2/Ros2Projects/oom_ws/install/custom_interface/bin'
[1.000s] INFO:colcon.colcon_core.shell:Creating package script '/home/ros2/Ros2Projects/oom_ws/install/custom_interface/share/custom_interface/package.ps1'
[1.001s] INFO:colcon.colcon_core.shell:Creating package descriptor '/home/ros2/Ros2Projects/oom_ws/install/custom_interface/share/custom_interface/package.dsv'
[1.002s] INFO:colcon.colcon_core.shell:Creating package script '/home/ros2/Ros2Projects/oom_ws/install/custom_interface/share/custom_interface/package.sh'
[1.003s] INFO:colcon.colcon_core.shell:Creating package script '/home/ros2/Ros2Projects/oom_ws/install/custom_interface/share/custom_interface/package.bash'
[1.004s] INFO:colcon.colcon_core.shell:Creating package script '/home/ros2/Ros2Projects/oom_ws/install/custom_interface/share/custom_interface/package.zsh'
[1.005s] Level 1:colcon.colcon_core.environment:create_file_with_runtime_dependencies(/home/ros2/Ros2Projects/oom_ws/install/custom_interface/share/colcon-core/packages/custom_interface)
[1.064s] Level 1:colcon.colcon_core.environment:create_environment_scripts_only(custom_interface)
[1.066s] Level 1:colcon.colcon_core.environment:checking '/home/ros2/Ros2Projects/oom_ws/install/custom_interface' for CMake module files
[1.067s] Level 1:colcon.colcon_core.environment:checking '/home/ros2/Ros2Projects/oom_ws/install/custom_interface' for CMake config files
[1.067s] Level 1:colcon.colcon_core.shell:create_environment_hook('custom_interface', 'cmake_prefix_path')
[1.069s] INFO:colcon.colcon_core.shell:Creating environment hook '/home/ros2/Ros2Projects/oom_ws/install/custom_interface/share/custom_interface/hook/cmake_prefix_path.ps1'
[1.069s] INFO:colcon.colcon_core.shell:Creating environment descriptor '/home/ros2/Ros2Projects/oom_ws/install/custom_interface/share/custom_interface/hook/cmake_prefix_path.dsv'
[1.069s] INFO:colcon.colcon_core.shell:Creating environment hook '/home/ros2/Ros2Projects/oom_ws/install/custom_interface/share/custom_interface/hook/cmake_prefix_path.sh'
[1.070s] Level 1:colcon.colcon_core.environment:checking '/home/ros2/Ros2Projects/oom_ws/install/custom_interface/lib'
[1.070s] Level 1:colcon.colcon_core.shell:create_environment_hook('custom_interface', 'ld_library_path_lib')
[1.071s] INFO:colcon.colcon_core.shell:Creating environment hook '/home/ros2/Ros2Projects/oom_ws/install/custom_interface/share/custom_interface/hook/ld_library_path_lib.ps1'
[1.071s] INFO:colcon.colcon_core.shell:Creating environment descriptor '/home/ros2/Ros2Projects/oom_ws/install/custom_interface/share/custom_interface/hook/ld_library_path_lib.dsv'
[1.072s] INFO:colcon.colcon_core.shell:Creating environment hook '/home/ros2/Ros2Projects/oom_ws/install/custom_interface/share/custom_interface/hook/ld_library_path_lib.sh'
[1.072s] Level 1:colcon.colcon_core.environment:checking '/home/ros2/Ros2Projects/oom_ws/install/custom_interface/bin'
[1.072s] Level 1:colcon.colcon_core.environment:checking '/home/ros2/Ros2Projects/oom_ws/install/custom_interface/lib/pkgconfig/custom_interface.pc'
[1.072s] Level 1:colcon.colcon_core.environment:checking '/home/ros2/Ros2Projects/oom_ws/install/custom_interface/lib/python3.8/site-packages'
[1.072s] Level 1:colcon.colcon_core.shell:create_environment_hook('custom_interface', 'pythonpath')
[1.074s] INFO:colcon.colcon_core.shell:Creating environment hook '/home/ros2/Ros2Projects/oom_ws/install/custom_interface/share/custom_interface/hook/pythonpath.ps1'
[1.074s] INFO:colcon.colcon_core.shell:Creating environment descriptor '/home/ros2/Ros2Projects/oom_ws/install/custom_interface/share/custom_interface/hook/pythonpath.dsv'
[1.074s] INFO:colcon.colcon_core.shell:Creating environment hook '/home/ros2/Ros2Projects/oom_ws/install/custom_interface/share/custom_interface/hook/pythonpath.sh'
[1.075s] Level 1:colcon.colcon_core.environment:checking '/home/ros2/Ros2Projects/oom_ws/install/custom_interface/bin'
[1.076s] INFO:colcon.colcon_core.shell:Creating package script '/home/ros2/Ros2Projects/oom_ws/install/custom_interface/share/custom_interface/package.ps1'
[1.076s] INFO:colcon.colcon_core.shell:Creating package descriptor '/home/ros2/Ros2Projects/oom_ws/install/custom_interface/share/custom_interface/package.dsv'
[1.077s] INFO:colcon.colcon_core.shell:Creating package script '/home/ros2/Ros2Projects/oom_ws/install/custom_interface/share/custom_interface/package.sh'
[1.077s] INFO:colcon.colcon_core.shell:Creating package script '/home/ros2/Ros2Projects/oom_ws/install/custom_interface/share/custom_interface/package.bash'
[1.078s] INFO:colcon.colcon_core.shell:Creating package script '/home/ros2/Ros2Projects/oom_ws/install/custom_interface/share/custom_interface/package.zsh'
[1.078s] Level 1:colcon.colcon_core.environment:create_file_with_runtime_dependencies(/home/ros2/Ros2Projects/oom_ws/install/custom_interface/share/colcon-core/packages/custom_interface)
[1.163s] DEBUG:colcon.colcon_core.event_handler.log_command:Invoking command in '/home/ros2/Ros2Projects/oom_ws/src/ros2_term_project': PYTHONPATH=/home/ros2/Ros2Projects/oom_ws/install/ros2_term_project/lib/python3.8/site-packages:${PYTHONPATH} /usr/bin/python3 setup.py egg_info --egg-base ../../build/ros2_term_project build --build-base /home/ros2/Ros2Projects/oom_ws/build/ros2_term_project/build install --prefix /home/ros2/Ros2Projects/oom_ws/install/ros2_term_project --record /home/ros2/Ros2Projects/oom_ws/build/ros2_term_project/install.log --single-version-externally-managed
[1.452s] Level 1:colcon.colcon_core.environment:checking '/home/ros2/Ros2Projects/oom_ws/install/ros2_term_project' for CMake module files
[1.453s] DEBUG:colcon.colcon_core.event_handler.log_command:Invoked command in '/home/ros2/Ros2Projects/oom_ws/src/ros2_term_project' returned '0': PYTHONPATH=/home/ros2/Ros2Projects/oom_ws/install/ros2_term_project/lib/python3.8/site-packages:${PYTHONPATH} /usr/bin/python3 setup.py egg_info --egg-base ../../build/ros2_term_project build --build-base /home/ros2/Ros2Projects/oom_ws/build/ros2_term_project/build install --prefix /home/ros2/Ros2Projects/oom_ws/install/ros2_term_project --record /home/ros2/Ros2Projects/oom_ws/build/ros2_term_project/install.log --single-version-externally-managed
[1.454s] Level 1:colcon.colcon_core.environment:checking '/home/ros2/Ros2Projects/oom_ws/install/ros2_term_project' for CMake config files
[1.456s] Level 1:colcon.colcon_core.environment:checking '/home/ros2/Ros2Projects/oom_ws/install/ros2_term_project/lib'
[1.456s] Level 1:colcon.colcon_core.environment:checking '/home/ros2/Ros2Projects/oom_ws/install/ros2_term_project/bin'
[1.456s] Level 1:colcon.colcon_core.environment:checking '/home/ros2/Ros2Projects/oom_ws/install/ros2_term_project/lib/pkgconfig/ros2_term_project.pc'
[1.456s] Level 1:colcon.colcon_core.environment:checking '/home/ros2/Ros2Projects/oom_ws/install/ros2_term_project/lib/python3.8/site-packages'
[1.456s] Level 1:colcon.colcon_core.shell:create_environment_hook('ros2_term_project', 'pythonpath')
[1.457s] INFO:colcon.colcon_core.shell:Creating environment hook '/home/ros2/Ros2Projects/oom_ws/install/ros2_term_project/share/ros2_term_project/hook/pythonpath.ps1'
[1.458s] INFO:colcon.colcon_core.shell:Creating environment descriptor '/home/ros2/Ros2Projects/oom_ws/install/ros2_term_project/share/ros2_term_project/hook/pythonpath.dsv'
[1.458s] INFO:colcon.colcon_core.shell:Creating environment hook '/home/ros2/Ros2Projects/oom_ws/install/ros2_term_project/share/ros2_term_project/hook/pythonpath.sh'
[1.459s] Level 1:colcon.colcon_core.environment:checking '/home/ros2/Ros2Projects/oom_ws/install/ros2_term_project/bin'
[1.459s] Level 1:colcon.colcon_core.environment:create_environment_scripts_only(ros2_term_project)
[1.460s] INFO:colcon.colcon_core.shell:Creating package script '/home/ros2/Ros2Projects/oom_ws/install/ros2_term_project/share/ros2_term_project/package.ps1'
[1.460s] INFO:colcon.colcon_core.shell:Creating package descriptor '/home/ros2/Ros2Projects/oom_ws/install/ros2_term_project/share/ros2_term_project/package.dsv'
[1.461s] INFO:colcon.colcon_core.shell:Creating package script '/home/ros2/Ros2Projects/oom_ws/install/ros2_term_project/share/ros2_term_project/package.sh'
[1.461s] INFO:colcon.colcon_core.shell:Creating package script '/home/ros2/Ros2Projects/oom_ws/install/ros2_term_project/share/ros2_term_project/package.bash'
[1.461s] INFO:colcon.colcon_core.shell:Creating package script '/home/ros2/Ros2Projects/oom_ws/install/ros2_term_project/share/ros2_term_project/package.zsh'
[1.461s] Level 1:colcon.colcon_core.environment:create_file_with_runtime_dependencies(/home/ros2/Ros2Projects/oom_ws/install/ros2_term_project/share/colcon-core/packages/ros2_term_project)
[1.462s] DEBUG:colcon.colcon_parallel_executor.executor.parallel:closing loop
[1.462s] DEBUG:colcon.colcon_parallel_executor.executor.parallel:loop closed
[1.462s] DEBUG:colcon.colcon_parallel_executor.executor.parallel:run_until_complete finished with '0'
[1.463s] DEBUG:colcon.colcon_core.event_reactor:joining thread
[1.470s] INFO:colcon.colcon_core.plugin_system:Skipping extension 'colcon_notification.desktop_notification.notify_send': Could not find 'notify-send'
[1.470s] INFO:colcon.colcon_core.plugin_system:Skipping extension 'colcon_notification.desktop_notification.terminal_notifier': Not used on non-Darwin systems
[1.470s] INFO:colcon.colcon_core.plugin_system:Skipping extension 'colcon_notification.desktop_notification.win32': Not used on non-Windows systems
[1.470s] INFO:colcon.colcon_notification.desktop_notification:Sending desktop notification using 'notify2'
[1.592s] DEBUG:colcon.colcon_core.event_reactor:joined thread
[1.593s] INFO:colcon.colcon_core.shell:Creating prefix script '/home/ros2/Ros2Projects/oom_ws/install/local_setup.ps1'
[1.595s] INFO:colcon.colcon_core.shell:Creating prefix util module '/home/ros2/Ros2Projects/oom_ws/install/_local_setup_util_ps1.py'
[1.596s] INFO:colcon.colcon_core.shell:Creating prefix chain script '/home/ros2/Ros2Projects/oom_ws/install/setup.ps1'
[1.598s] INFO:colcon.colcon_core.shell:Creating prefix script '/home/ros2/Ros2Projects/oom_ws/install/local_setup.sh'
[1.598s] INFO:colcon.colcon_core.shell:Creating prefix util module '/home/ros2/Ros2Projects/oom_ws/install/_local_setup_util_sh.py'
[1.599s] INFO:colcon.colcon_core.shell:Creating prefix chain script '/home/ros2/Ros2Projects/oom_ws/install/setup.sh'
[1.600s] INFO:colcon.colcon_core.shell:Creating prefix script '/home/ros2/Ros2Projects/oom_ws/install/local_setup.bash'
[1.601s] INFO:colcon.colcon_core.shell:Creating prefix chain script '/home/ros2/Ros2Projects/oom_ws/install/setup.bash'
[1.603s] INFO:colcon.colcon_core.shell:Creating prefix script '/home/ros2/Ros2Projects/oom_ws/install/local_setup.zsh'
[1.604s] INFO:colcon.colcon_core.shell:Creating prefix chain script '/home/ros2/Ros2Projects/oom_ws/install/setup.zsh'
