[0.017s] Invoking command in '/home/ros2/Ros2Projects/oom_ws/build/custom_interface': CMAKE_PREFIX_PATH=/opt/ros/foxy /bin/cmake --build /home/ros2/Ros2Projects/oom_ws/build/custom_interface -- -j24 -l24
[0.131s] -- Found ament_cmake: 0.9.9 (/opt/ros/foxy/share/ament_cmake/cmake)
[0.131s] -- Found PythonInterp: /bin/python3 (found suitable version "3.8.10", minimum required is "3") 
[0.131s] -- Using PYTHON_EXECUTABLE: /bin/python3
[0.150s] -- Found std_msgs: 2.0.5 (/opt/ros/foxy/share/std_msgs/cmake)
[0.168s] -- Using all available rosidl_typesupport_c: rosidl_typesupport_fastrtps_c;rosidl_typesupport_introspection_c
[0.172s] -- Found rosidl_adapter: 1.2.1 (/opt/ros/foxy/share/rosidl_adapter/cmake)
[0.272s] -- Using all available rosidl_typesupport_cpp: rosidl_typesupport_fastrtps_cpp;rosidl_typesupport_introspection_cpp
[0.302s] -- Found rosidl_default_generators: 1.0.1 (/opt/ros/foxy/share/rosidl_default_generators/cmake)
[0.321s] -- Found PythonInterp: /bin/python3 (found version "3.8.10") 
[0.407s] -- Found ament_cmake_ros: 0.9.2 (/opt/ros/foxy/share/ament_cmake_ros/cmake)
[0.517s] -- Using all available rosidl_typesupport_c: rosidl_typesupport_fastrtps_c;rosidl_typesupport_introspection_c
[0.549s] -- Using all available rosidl_typesupport_cpp: rosidl_typesupport_fastrtps_cpp;rosidl_typesupport_introspection_cpp
[0.563s] -- Found PythonInterp: /bin/python3 (found suitable version "3.8.10", minimum required is "3.5") 
[0.564s] -- Found python_cmake_module: 0.8.1 (/opt/ros/foxy/share/python_cmake_module/cmake)
[0.578s] -- Using PYTHON_EXECUTABLE: /bin/python3
[0.578s] -- Using PYTHON_INCLUDE_DIRS: /usr/include/python3.8
[0.578s] -- Using PYTHON_LIBRARIES: /usr/lib/x86_64-linux-gnu/libpython3.8.so
[0.596s] -- Found ament_lint_auto: 0.9.6 (/opt/ros/foxy/share/ament_lint_auto/cmake)
[0.610s] -- Added test 'copyright' to check source files copyright and LICENSE
[0.612s] -- Added test 'lint_cmake' to check CMake code style
[0.612s] -- Added test 'xmllint' to check XML markup files
[0.615s] -- Configuring done
[0.642s] -- Generating done
[0.644s] -- Build files have been written to: /home/ros2/Ros2Projects/oom_ws/build/custom_interface
[0.657s] [35m[1mScanning dependencies of target custom_interface__rosidl_generator_c[0m
[0.662s] [  3%] Built target custom_interface__cpp
[0.663s] [  6%] [32mBuilding C object CMakeFiles/custom_interface__rosidl_generator_c.dir/rosidl_generator_c/custom_interface/msg/detail/start_car__functions.c.o[0m
[0.673s] [ 25%] Built target custom_interface__rosidl_typesupport_cpp
[0.673s] [ 25%] Built target custom_interface__rosidl_typesupport_introspection_cpp
[0.676s] [ 35%] Built target custom_interface__rosidl_typesupport_fastrtps_cpp
[0.718s] [ 38%] [32m[1mLinking C shared library libcustom_interface__rosidl_generator_c.so[0m
[0.746s] [ 41%] Built target custom_interface__rosidl_generator_c
[0.757s] [ 51%] [32m[1mLinking C shared library libcustom_interface__rosidl_typesupport_introspection_c.so[0m
[0.757s] [ 54%] Built target custom_interface__rosidl_typesupport_c
[0.760s] [ 58%] [32m[1mLinking CXX shared library libcustom_interface__rosidl_typesupport_fastrtps_c.so[0m
[0.771s] [ 64%] Built target custom_interface__rosidl_typesupport_introspection_c
[0.806s] [ 70%] Built target custom_interface__rosidl_typesupport_fastrtps_c
[0.815s] [ 70%] Built target custom_interface
[0.824s] [ 74%] Built target custom_interface__py
[0.829s] [35m[1mScanning dependencies of target custom_interface__python[0m
[0.836s] [ 77%] [32mBuilding C object CMakeFiles/custom_interface__python.dir/rosidl_generator_py/custom_interface/msg/_start_car_s.c.o[0m
[0.911s] [ 80%] [32m[1mLinking C shared library rosidl_generator_py/custom_interface/libcustom_interface__python.so[0m
[0.932s] [ 80%] Built target custom_interface__python
[0.945s] [ 87%] [32m[1mLinking C shared library rosidl_generator_py/custom_interface/custom_interface_s__rosidl_typesupport_introspection_c.cpython-38-x86_64-linux-gnu.so[0m
[0.945s] [ 90%] [32m[1mLinking C shared library rosidl_generator_py/custom_interface/custom_interface_s__rosidl_typesupport_c.cpython-38-x86_64-linux-gnu.so[0m
[0.945s] [ 90%] [32m[1mLinking CXX shared library rosidl_generator_py/custom_interface/custom_interface_s__rosidl_typesupport_fastrtps_c.cpython-38-x86_64-linux-gnu.so[0m
[0.964s] [ 93%] Built target custom_interface__rosidl_typesupport_c__pyext
[0.965s] [ 96%] Built target custom_interface__rosidl_typesupport_introspection_c__pyext
[0.979s] [100%] Built target custom_interface__rosidl_typesupport_fastrtps_c__pyext
[0.985s] Invoked command in '/home/ros2/Ros2Projects/oom_ws/build/custom_interface' returned '0': CMAKE_PREFIX_PATH=/opt/ros/foxy /bin/cmake --build /home/ros2/Ros2Projects/oom_ws/build/custom_interface -- -j24 -l24
[1.015s] Invoking command in '/home/ros2/Ros2Projects/oom_ws/build/custom_interface': CMAKE_PREFIX_PATH=/opt/ros/foxy /bin/cmake --install /home/ros2/Ros2Projects/oom_ws/build/custom_interface
[1.019s] -- Install configuration: ""
[1.019s] -- Up-to-date: /home/ros2/Ros2Projects/oom_ws/install/custom_interface/share/ament_index/resource_index/rosidl_interfaces/custom_interface
[1.019s] -- Up-to-date: /home/ros2/Ros2Projects/oom_ws/install/custom_interface/include/custom_interface
[1.019s] -- Up-to-date: /home/ros2/Ros2Projects/oom_ws/install/custom_interface/include/custom_interface/msg
[1.019s] -- Up-to-date: /home/ros2/Ros2Projects/oom_ws/install/custom_interface/include/custom_interface/msg/rosidl_generator_c__visibility_control.h
[1.019s] -- Up-to-date: /home/ros2/Ros2Projects/oom_ws/install/custom_interface/include/custom_interface/msg/detail
[1.019s] -- Up-to-date: /home/ros2/Ros2Projects/oom_ws/install/custom_interface/include/custom_interface/msg/detail/start_car__functions.h
[1.019s] -- Up-to-date: /home/ros2/Ros2Projects/oom_ws/install/custom_interface/include/custom_interface/msg/detail/start_car__functions.c
[1.019s] -- Up-to-date: /home/ros2/Ros2Projects/oom_ws/install/custom_interface/include/custom_interface/msg/detail/start_car__struct.h
[1.020s] -- Up-to-date: /home/ros2/Ros2Projects/oom_ws/install/custom_interface/include/custom_interface/msg/detail/start_car__type_support.h
[1.020s] -- Up-to-date: /home/ros2/Ros2Projects/oom_ws/install/custom_interface/include/custom_interface/msg/start_car.h
[1.020s] -- Installing: /home/ros2/Ros2Projects/oom_ws/install/custom_interface/share/custom_interface/environment/library_path.sh
[1.020s] -- Installing: /home/ros2/Ros2Projects/oom_ws/install/custom_interface/share/custom_interface/environment/library_path.dsv
[1.020s] -- Installing: /home/ros2/Ros2Projects/oom_ws/install/custom_interface/lib/libcustom_interface__rosidl_generator_c.so
[1.020s] -- Set runtime path of "/home/ros2/Ros2Projects/oom_ws/install/custom_interface/lib/libcustom_interface__rosidl_generator_c.so" to ""
[1.020s] -- Up-to-date: /home/ros2/Ros2Projects/oom_ws/install/custom_interface/include/custom_interface
[1.020s] -- Up-to-date: /home/ros2/Ros2Projects/oom_ws/install/custom_interface/include/custom_interface/msg
[1.020s] -- Up-to-date: /home/ros2/Ros2Projects/oom_ws/install/custom_interface/include/custom_interface/msg/rosidl_typesupport_fastrtps_c__visibility_control.h
[1.020s] -- Up-to-date: /home/ros2/Ros2Projects/oom_ws/install/custom_interface/include/custom_interface/msg/detail
[1.020s] -- Up-to-date: /home/ros2/Ros2Projects/oom_ws/install/custom_interface/include/custom_interface/msg/detail/start_car__rosidl_typesupport_fastrtps_c.h
[1.020s] -- Installing: /home/ros2/Ros2Projects/oom_ws/install/custom_interface/lib/libcustom_interface__rosidl_typesupport_fastrtps_c.so
[1.021s] -- Set runtime path of "/home/ros2/Ros2Projects/oom_ws/install/custom_interface/lib/libcustom_interface__rosidl_typesupport_fastrtps_c.so" to ""
[1.021s] -- Up-to-date: /home/ros2/Ros2Projects/oom_ws/install/custom_interface/include/custom_interface
[1.021s] -- Up-to-date: /home/ros2/Ros2Projects/oom_ws/install/custom_interface/include/custom_interface/msg
[1.021s] -- Up-to-date: /home/ros2/Ros2Projects/oom_ws/install/custom_interface/include/custom_interface/msg/rosidl_typesupport_fastrtps_cpp__visibility_control.h
[1.021s] -- Up-to-date: /home/ros2/Ros2Projects/oom_ws/install/custom_interface/include/custom_interface/msg/detail
[1.021s] -- Up-to-date: /home/ros2/Ros2Projects/oom_ws/install/custom_interface/include/custom_interface/msg/detail/start_car__rosidl_typesupport_fastrtps_cpp.hpp
[1.021s] -- Installing: /home/ros2/Ros2Projects/oom_ws/install/custom_interface/include/custom_interface/msg/detail/dds_fastrtps
[1.021s] -- Up-to-date: /home/ros2/Ros2Projects/oom_ws/install/custom_interface/lib/libcustom_interface__rosidl_typesupport_fastrtps_cpp.so
[1.021s] -- Up-to-date: /home/ros2/Ros2Projects/oom_ws/install/custom_interface/include/custom_interface
[1.021s] -- Up-to-date: /home/ros2/Ros2Projects/oom_ws/install/custom_interface/include/custom_interface/msg
[1.021s] -- Up-to-date: /home/ros2/Ros2Projects/oom_ws/install/custom_interface/include/custom_interface/msg/rosidl_typesupport_introspection_c__visibility_control.h
[1.022s] -- Up-to-date: /home/ros2/Ros2Projects/oom_ws/install/custom_interface/include/custom_interface/msg/detail
[1.022s] -- Up-to-date: /home/ros2/Ros2Projects/oom_ws/install/custom_interface/include/custom_interface/msg/detail/start_car__rosidl_typesupport_introspection_c.h
[1.022s] -- Up-to-date: /home/ros2/Ros2Projects/oom_ws/install/custom_interface/include/custom_interface/msg/detail/start_car__type_support.c
[1.022s] -- Installing: /home/ros2/Ros2Projects/oom_ws/install/custom_interface/lib/libcustom_interface__rosidl_typesupport_introspection_c.so
[1.022s] -- Set runtime path of "/home/ros2/Ros2Projects/oom_ws/install/custom_interface/lib/libcustom_interface__rosidl_typesupport_introspection_c.so" to ""
[1.022s] -- Up-to-date: /home/ros2/Ros2Projects/oom_ws/install/custom_interface/lib/libcustom_interface__rosidl_typesupport_c.so
[1.022s] -- Up-to-date: /home/ros2/Ros2Projects/oom_ws/install/custom_interface/include/custom_interface
[1.022s] -- Up-to-date: /home/ros2/Ros2Projects/oom_ws/install/custom_interface/include/custom_interface/msg
[1.022s] -- Up-to-date: /home/ros2/Ros2Projects/oom_ws/install/custom_interface/include/custom_interface/msg/start_car.hpp
[1.022s] -- Up-to-date: /home/ros2/Ros2Projects/oom_ws/install/custom_interface/include/custom_interface/msg/detail
[1.022s] -- Up-to-date: /home/ros2/Ros2Projects/oom_ws/install/custom_interface/include/custom_interface/msg/detail/start_car__struct.hpp
[1.022s] -- Up-to-date: /home/ros2/Ros2Projects/oom_ws/install/custom_interface/include/custom_interface/msg/detail/start_car__traits.hpp
[1.022s] -- Up-to-date: /home/ros2/Ros2Projects/oom_ws/install/custom_interface/include/custom_interface/msg/detail/start_car__builder.hpp
[1.022s] -- Up-to-date: /home/ros2/Ros2Projects/oom_ws/install/custom_interface/include/custom_interface
[1.022s] -- Up-to-date: /home/ros2/Ros2Projects/oom_ws/install/custom_interface/include/custom_interface/msg
[1.022s] -- Up-to-date: /home/ros2/Ros2Projects/oom_ws/install/custom_interface/include/custom_interface/msg/detail
[1.022s] -- Up-to-date: /home/ros2/Ros2Projects/oom_ws/install/custom_interface/include/custom_interface/msg/detail/start_car__rosidl_typesupport_introspection_cpp.hpp
[1.022s] -- Up-to-date: /home/ros2/Ros2Projects/oom_ws/install/custom_interface/include/custom_interface/msg/detail/start_car__type_support.cpp
[1.022s] -- Up-to-date: /home/ros2/Ros2Projects/oom_ws/install/custom_interface/lib/libcustom_interface__rosidl_typesupport_introspection_cpp.so
[1.022s] -- Up-to-date: /home/ros2/Ros2Projects/oom_ws/install/custom_interface/lib/libcustom_interface__rosidl_typesupport_cpp.so
[1.022s] -- Up-to-date: /home/ros2/Ros2Projects/oom_ws/install/custom_interface/share/custom_interface/environment/pythonpath.sh
[1.022s] -- Installing: /home/ros2/Ros2Projects/oom_ws/install/custom_interface/share/custom_interface/environment/pythonpath.dsv
[1.023s] -- Installing: /home/ros2/Ros2Projects/oom_ws/install/custom_interface/lib/python3.8/site-packages/custom_interface/__init__.py
[1.039s] Compiling '/home/ros2/Ros2Projects/oom_ws/install/custom_interface/lib/python3.8/site-packages/custom_interface/__init__.py'...
[1.041s] -- Up-to-date: /home/ros2/Ros2Projects/oom_ws/install/custom_interface/lib/python3.8/site-packages/custom_interface/msg
[1.041s] -- Up-to-date: /home/ros2/Ros2Projects/oom_ws/install/custom_interface/lib/python3.8/site-packages/custom_interface/msg/__init__.py
[1.041s] -- Up-to-date: /home/ros2/Ros2Projects/oom_ws/install/custom_interface/lib/python3.8/site-packages/custom_interface/msg/_start_car_s.c
[1.042s] -- Up-to-date: /home/ros2/Ros2Projects/oom_ws/install/custom_interface/lib/python3.8/site-packages/custom_interface/msg/_start_car.py
[1.042s] -- Installing: /home/ros2/Ros2Projects/oom_ws/install/custom_interface/lib/python3.8/site-packages/custom_interface/custom_interface_s__rosidl_typesupport_fastrtps_c.cpython-38-x86_64-linux-gnu.so
[1.042s] -- Set runtime path of "/home/ros2/Ros2Projects/oom_ws/install/custom_interface/lib/python3.8/site-packages/custom_interface/custom_interface_s__rosidl_typesupport_fastrtps_c.cpython-38-x86_64-linux-gnu.so" to ""
[1.042s] -- Installing: /home/ros2/Ros2Projects/oom_ws/install/custom_interface/lib/python3.8/site-packages/custom_interface/custom_interface_s__rosidl_typesupport_introspection_c.cpython-38-x86_64-linux-gnu.so
[1.042s] -- Set runtime path of "/home/ros2/Ros2Projects/oom_ws/install/custom_interface/lib/python3.8/site-packages/custom_interface/custom_interface_s__rosidl_typesupport_introspection_c.cpython-38-x86_64-linux-gnu.so" to ""
[1.042s] -- Installing: /home/ros2/Ros2Projects/oom_ws/install/custom_interface/lib/python3.8/site-packages/custom_interface/custom_interface_s__rosidl_typesupport_c.cpython-38-x86_64-linux-gnu.so
[1.043s] -- Set runtime path of "/home/ros2/Ros2Projects/oom_ws/install/custom_interface/lib/python3.8/site-packages/custom_interface/custom_interface_s__rosidl_typesupport_c.cpython-38-x86_64-linux-gnu.so" to ""
[1.043s] -- Installing: /home/ros2/Ros2Projects/oom_ws/install/custom_interface/lib/libcustom_interface__python.so
[1.043s] -- Set runtime path of "/home/ros2/Ros2Projects/oom_ws/install/custom_interface/lib/libcustom_interface__python.so" to ""
[1.043s] -- Up-to-date: /home/ros2/Ros2Projects/oom_ws/install/custom_interface/share/custom_interface/msg/StartCar.idl
[1.043s] -- Up-to-date: /home/ros2/Ros2Projects/oom_ws/install/custom_interface/share/custom_interface/msg/StartCar.msg
[1.043s] -- Up-to-date: /home/ros2/Ros2Projects/oom_ws/install/custom_interface/share/ament_index/resource_index/package_run_dependencies/custom_interface
[1.043s] -- Up-to-date: /home/ros2/Ros2Projects/oom_ws/install/custom_interface/share/ament_index/resource_index/parent_prefix_path/custom_interface
[1.043s] -- Installing: /home/ros2/Ros2Projects/oom_ws/install/custom_interface/share/custom_interface/environment/ament_prefix_path.sh
[1.043s] -- Installing: /home/ros2/Ros2Projects/oom_ws/install/custom_interface/share/custom_interface/environment/ament_prefix_path.dsv
[1.044s] -- Installing: /home/ros2/Ros2Projects/oom_ws/install/custom_interface/share/custom_interface/environment/path.sh
[1.044s] -- Installing: /home/ros2/Ros2Projects/oom_ws/install/custom_interface/share/custom_interface/environment/path.dsv
[1.044s] -- Up-to-date: /home/ros2/Ros2Projects/oom_ws/install/custom_interface/share/custom_interface/local_setup.bash
[1.044s] -- Up-to-date: /home/ros2/Ros2Projects/oom_ws/install/custom_interface/share/custom_interface/local_setup.sh
[1.044s] -- Up-to-date: /home/ros2/Ros2Projects/oom_ws/install/custom_interface/share/custom_interface/local_setup.zsh
[1.044s] -- Installing: /home/ros2/Ros2Projects/oom_ws/install/custom_interface/share/custom_interface/local_setup.dsv
[1.044s] -- Installing: /home/ros2/Ros2Projects/oom_ws/install/custom_interface/share/custom_interface/package.dsv
[1.044s] -- Up-to-date: /home/ros2/Ros2Projects/oom_ws/install/custom_interface/share/ament_index/resource_index/packages/custom_interface
[1.044s] -- Up-to-date: /home/ros2/Ros2Projects/oom_ws/install/custom_interface/share/custom_interface/cmake/custom_interface__rosidl_generator_cExport.cmake
[1.044s] -- Installing: /home/ros2/Ros2Projects/oom_ws/install/custom_interface/share/custom_interface/cmake/custom_interface__rosidl_generator_cExport-noconfig.cmake
[1.045s] -- Up-to-date: /home/ros2/Ros2Projects/oom_ws/install/custom_interface/share/custom_interface/cmake/custom_interface__rosidl_typesupport_introspection_cExport.cmake
[1.045s] -- Installing: /home/ros2/Ros2Projects/oom_ws/install/custom_interface/share/custom_interface/cmake/custom_interface__rosidl_typesupport_introspection_cExport-noconfig.cmake
[1.045s] -- Up-to-date: /home/ros2/Ros2Projects/oom_ws/install/custom_interface/share/custom_interface/cmake/custom_interface__rosidl_typesupport_cExport.cmake
[1.045s] -- Installing: /home/ros2/Ros2Projects/oom_ws/install/custom_interface/share/custom_interface/cmake/custom_interface__rosidl_typesupport_cExport-noconfig.cmake
[1.045s] -- Up-to-date: /home/ros2/Ros2Projects/oom_ws/install/custom_interface/share/custom_interface/cmake/custom_interface__rosidl_generator_cppExport.cmake
[1.045s] -- Up-to-date: /home/ros2/Ros2Projects/oom_ws/install/custom_interface/share/custom_interface/cmake/custom_interface__rosidl_typesupport_introspection_cppExport.cmake
[1.045s] -- Installing: /home/ros2/Ros2Projects/oom_ws/install/custom_interface/share/custom_interface/cmake/custom_interface__rosidl_typesupport_introspection_cppExport-noconfig.cmake
[1.045s] -- Up-to-date: /home/ros2/Ros2Projects/oom_ws/install/custom_interface/share/custom_interface/cmake/custom_interface__rosidl_typesupport_cppExport.cmake
[1.045s] -- Installing: /home/ros2/Ros2Projects/oom_ws/install/custom_interface/share/custom_interface/cmake/custom_interface__rosidl_typesupport_cppExport-noconfig.cmake
[1.045s] -- Up-to-date: /home/ros2/Ros2Projects/oom_ws/install/custom_interface/share/custom_interface/cmake/rosidl_cmake-extras.cmake
[1.045s] -- Up-to-date: /home/ros2/Ros2Projects/oom_ws/install/custom_interface/share/custom_interface/cmake/ament_cmake_export_dependencies-extras.cmake
[1.045s] -- Up-to-date: /home/ros2/Ros2Projects/oom_ws/install/custom_interface/share/custom_interface/cmake/ament_cmake_export_libraries-extras.cmake
[1.045s] -- Up-to-date: /home/ros2/Ros2Projects/oom_ws/install/custom_interface/share/custom_interface/cmake/ament_cmake_export_targets-extras.cmake
[1.045s] -- Up-to-date: /home/ros2/Ros2Projects/oom_ws/install/custom_interface/share/custom_interface/cmake/ament_cmake_export_include_directories-extras.cmake
[1.045s] -- Up-to-date: /home/ros2/Ros2Projects/oom_ws/install/custom_interface/share/custom_interface/cmake/rosidl_cmake_export_typesupport_libraries-extras.cmake
[1.045s] -- Up-to-date: /home/ros2/Ros2Projects/oom_ws/install/custom_interface/share/custom_interface/cmake/rosidl_cmake_export_typesupport_targets-extras.cmake
[1.045s] -- Up-to-date: /home/ros2/Ros2Projects/oom_ws/install/custom_interface/share/custom_interface/cmake/custom_interfaceConfig.cmake
[1.045s] -- Up-to-date: /home/ros2/Ros2Projects/oom_ws/install/custom_interface/share/custom_interface/cmake/custom_interfaceConfig-version.cmake
[1.045s] -- Up-to-date: /home/ros2/Ros2Projects/oom_ws/install/custom_interface/share/custom_interface/package.xml
[1.046s] Invoked command in '/home/ros2/Ros2Projects/oom_ws/build/custom_interface' returned '0': CMAKE_PREFIX_PATH=/opt/ros/foxy /bin/cmake --install /home/ros2/Ros2Projects/oom_ws/build/custom_interface
