[0.528s] Invoking command in '/home/ros2/Ros2Projects/oom_ws/src/ros2_term_project': PYTHONPATH=/home/ros2/Ros2Projects/oom_ws/install/ros2_term_project/lib/python3.8/site-packages:${PYTHONPATH} /usr/bin/python3 setup.py egg_info --egg-base ../../build/ros2_term_project build --build-base /home/ros2/Ros2Projects/oom_ws/build/ros2_term_project/build install --prefix /home/ros2/Ros2Projects/oom_ws/install/ros2_term_project --record /home/ros2/Ros2Projects/oom_ws/build/ros2_term_project/install.log --single-version-externally-managed
[0.693s] running egg_info
[0.693s] creating ../../build/ros2_term_project/ros2_term_project.egg-info
[0.694s] writing ../../build/ros2_term_project/ros2_term_project.egg-info/PKG-INFO
[0.694s] writing dependency_links to ../../build/ros2_term_project/ros2_term_project.egg-info/dependency_links.txt
[0.694s] writing entry points to ../../build/ros2_term_project/ros2_term_project.egg-info/entry_points.txt
[0.694s] writing requirements to ../../build/ros2_term_project/ros2_term_project.egg-info/requires.txt
[0.694s] writing top-level names to ../../build/ros2_term_project/ros2_term_project.egg-info/top_level.txt
[0.695s] writing manifest file '../../build/ros2_term_project/ros2_term_project.egg-info/SOURCES.txt'
[0.726s] reading manifest file '../../build/ros2_term_project/ros2_term_project.egg-info/SOURCES.txt'
[0.727s] writing manifest file '../../build/ros2_term_project/ros2_term_project.egg-info/SOURCES.txt'
[0.727s] running build
[0.727s] running build_py
[0.727s] creating /home/ros2/Ros2Projects/oom_ws/build/ros2_term_project/build
[0.727s] creating /home/ros2/Ros2Projects/oom_ws/build/ros2_term_project/build/lib
[0.728s] creating /home/ros2/Ros2Projects/oom_ws/build/ros2_term_project/build/lib/ros2_term_project
[0.728s] copying ros2_term_project/line_tracker.py -> /home/ros2/Ros2Projects/oom_ws/build/ros2_term_project/build/lib/ros2_term_project
[0.728s] copying ros2_term_project/line_follower.py -> /home/ros2/Ros2Projects/oom_ws/build/ros2_term_project/build/lib/ros2_term_project
[0.728s] copying ros2_term_project/__init__.py -> /home/ros2/Ros2Projects/oom_ws/build/ros2_term_project/build/lib/ros2_term_project
[0.728s] copying ros2_term_project/cube_mover.py -> /home/ros2/Ros2Projects/oom_ws/build/ros2_term_project/build/lib/ros2_term_project
[0.728s] running install
[0.729s] running install_lib
[0.730s] creating /home/ros2/Ros2Projects/oom_ws/install/ros2_term_project/lib/python3.8/site-packages/ros2_term_project
[0.730s] copying /home/ros2/Ros2Projects/oom_ws/build/ros2_term_project/build/lib/ros2_term_project/line_tracker.py -> /home/ros2/Ros2Projects/oom_ws/install/ros2_term_project/lib/python3.8/site-packages/ros2_term_project
[0.730s] copying /home/ros2/Ros2Projects/oom_ws/build/ros2_term_project/build/lib/ros2_term_project/line_follower.py -> /home/ros2/Ros2Projects/oom_ws/install/ros2_term_project/lib/python3.8/site-packages/ros2_term_project
[0.730s] copying /home/ros2/Ros2Projects/oom_ws/build/ros2_term_project/build/lib/ros2_term_project/__init__.py -> /home/ros2/Ros2Projects/oom_ws/install/ros2_term_project/lib/python3.8/site-packages/ros2_term_project
[0.731s] copying /home/ros2/Ros2Projects/oom_ws/build/ros2_term_project/build/lib/ros2_term_project/cube_mover.py -> /home/ros2/Ros2Projects/oom_ws/install/ros2_term_project/lib/python3.8/site-packages/ros2_term_project
[0.731s] byte-compiling /home/ros2/Ros2Projects/oom_ws/install/ros2_term_project/lib/python3.8/site-packages/ros2_term_project/line_tracker.py to line_tracker.cpython-38.pyc
[0.732s] byte-compiling /home/ros2/Ros2Projects/oom_ws/install/ros2_term_project/lib/python3.8/site-packages/ros2_term_project/line_follower.py to line_follower.cpython-38.pyc
[0.733s] byte-compiling /home/ros2/Ros2Projects/oom_ws/install/ros2_term_project/lib/python3.8/site-packages/ros2_term_project/__init__.py to __init__.cpython-38.pyc
[0.733s] byte-compiling /home/ros2/Ros2Projects/oom_ws/install/ros2_term_project/lib/python3.8/site-packages/ros2_term_project/cube_mover.py to cube_mover.cpython-38.pyc
[0.733s] running install_data
[0.734s] creating /home/ros2/Ros2Projects/oom_ws/install/ros2_term_project/share/ament_index
[0.734s] creating /home/ros2/Ros2Projects/oom_ws/install/ros2_term_project/share/ament_index/resource_index
[0.734s] creating /home/ros2/Ros2Projects/oom_ws/install/ros2_term_project/share/ament_index/resource_index/packages
[0.734s] copying resource/ros2_term_project -> /home/ros2/Ros2Projects/oom_ws/install/ros2_term_project/share/ament_index/resource_index/packages
[0.734s] copying package.xml -> /home/ros2/Ros2Projects/oom_ws/install/ros2_term_project/share/ros2_term_project
[0.734s] creating /home/ros2/Ros2Projects/oom_ws/install/ros2_term_project/share/ros2_term_project/launch
[0.735s] copying launch/car_sim.launch.py -> /home/ros2/Ros2Projects/oom_ws/install/ros2_term_project/share/ros2_term_project/launch
[0.735s] creating /home/ros2/Ros2Projects/oom_ws/install/ros2_term_project/share/ros2_term_project/worlds
[0.735s] copying worlds/car_track.world -> /home/ros2/Ros2Projects/oom_ws/install/ros2_term_project/share/ros2_term_project/worlds
[0.735s] copying worlds/ros2_car_track_thick_lines.png -> /home/ros2/Ros2Projects/oom_ws/install/ros2_term_project/share/ros2_term_project/worlds
[0.735s] copying worlds/car_track.world.2 -> /home/ros2/Ros2Projects/oom_ws/install/ros2_term_project/share/ros2_term_project/worlds
[0.736s] copying worlds/hill_down.material -> /home/ros2/Ros2Projects/oom_ws/install/ros2_term_project/share/ros2_term_project/worlds
[0.736s] copying worlds/hill_mid.png -> /home/ros2/Ros2Projects/oom_ws/install/ros2_term_project/share/ros2_term_project/worlds
[0.736s] copying worlds/hill_up.png -> /home/ros2/Ros2Projects/oom_ws/install/ros2_term_project/share/ros2_term_project/worlds
[0.736s] copying worlds/course.material -> /home/ros2/Ros2Projects/oom_ws/install/ros2_term_project/share/ros2_term_project/worlds
[0.736s] copying worlds/hill_down.png -> /home/ros2/Ros2Projects/oom_ws/install/ros2_term_project/share/ros2_term_project/worlds
[0.736s] copying worlds/car_track.world.1 -> /home/ros2/Ros2Projects/oom_ws/install/ros2_term_project/share/ros2_term_project/worlds
[0.736s] copying worlds/hill_up.material -> /home/ros2/Ros2Projects/oom_ws/install/ros2_term_project/share/ros2_term_project/worlds
[0.736s] copying worlds/hill_mid.material -> /home/ros2/Ros2Projects/oom_ws/install/ros2_term_project/share/ros2_term_project/worlds
[0.737s] copying worlds/car_track.world.0 -> /home/ros2/Ros2Projects/oom_ws/install/ros2_term_project/share/ros2_term_project/worlds
[0.737s] copying worlds/ros2_car_track.png -> /home/ros2/Ros2Projects/oom_ws/install/ros2_term_project/share/ros2_term_project/worlds
[0.737s] running install_egg_info
[0.738s] Copying ../../build/ros2_term_project/ros2_term_project.egg-info to /home/ros2/Ros2Projects/oom_ws/install/ros2_term_project/lib/python3.8/site-packages/ros2_term_project-0.0.0-py3.8.egg-info
[0.740s] running install_scripts
[0.753s] Installing cube_mover script to /home/ros2/Ros2Projects/oom_ws/install/ros2_term_project/lib/ros2_term_project
[0.753s] Installing follower script to /home/ros2/Ros2Projects/oom_ws/install/ros2_term_project/lib/ros2_term_project
[0.754s] writing list of installed files to '/home/ros2/Ros2Projects/oom_ws/build/ros2_term_project/install.log'
[0.769s] Invoked command in '/home/ros2/Ros2Projects/oom_ws/src/ros2_term_project' returned '0': PYTHONPATH=/home/ros2/Ros2Projects/oom_ws/install/ros2_term_project/lib/python3.8/site-packages:${PYTHONPATH} /usr/bin/python3 setup.py egg_info --egg-base ../../build/ros2_term_project build --build-base /home/ros2/Ros2Projects/oom_ws/build/ros2_term_project/build install --prefix /home/ros2/Ros2Projects/oom_ws/install/ros2_term_project --record /home/ros2/Ros2Projects/oom_ws/build/ros2_term_project/install.log --single-version-externally-managed
