[0.608s] Invoking command in '/home/ros2/Downloads/ros2_term_project': PYTHONPATH=/home/ros2/Downloads/ros2_term_project/install/ros2_term_project/lib/python3.8/site-packages:${PYTHONPATH} /usr/bin/python3 setup.py egg_info --egg-base build/ros2_term_project build --build-base /home/ros2/Downloads/ros2_term_project/build/ros2_term_project/build install --prefix /home/ros2/Downloads/ros2_term_project/install/ros2_term_project --record /home/ros2/Downloads/ros2_term_project/build/ros2_term_project/install.log --single-version-externally-managed
[0.773s] running egg_info
[0.774s] creating build/ros2_term_project/ros2_term_project.egg-info
[0.774s] writing build/ros2_term_project/ros2_term_project.egg-info/PKG-INFO
[0.774s] writing dependency_links to build/ros2_term_project/ros2_term_project.egg-info/dependency_links.txt
[0.775s] writing entry points to build/ros2_term_project/ros2_term_project.egg-info/entry_points.txt
[0.775s] writing requirements to build/ros2_term_project/ros2_term_project.egg-info/requires.txt
[0.775s] writing top-level names to build/ros2_term_project/ros2_term_project.egg-info/top_level.txt
[0.777s] writing manifest file 'build/ros2_term_project/ros2_term_project.egg-info/SOURCES.txt'
[0.806s] reading manifest file 'build/ros2_term_project/ros2_term_project.egg-info/SOURCES.txt'
[0.807s] writing manifest file 'build/ros2_term_project/ros2_term_project.egg-info/SOURCES.txt'
[0.807s] running build
[0.807s] running build_py
[0.807s] creating /home/ros2/Downloads/ros2_term_project/build/ros2_term_project/build
[0.807s] creating /home/ros2/Downloads/ros2_term_project/build/ros2_term_project/build/lib
[0.808s] creating /home/ros2/Downloads/ros2_term_project/build/ros2_term_project/build/lib/ros2_term_project
[0.808s] copying ros2_term_project/box_spawn.py -> /home/ros2/Downloads/ros2_term_project/build/ros2_term_project/build/lib/ros2_term_project
[0.808s] copying ros2_term_project/__init__.py -> /home/ros2/Downloads/ros2_term_project/build/ros2_term_project/build/lib/ros2_term_project
[0.808s] copying ros2_term_project/MinimalClientAsync.py -> /home/ros2/Downloads/ros2_term_project/build/ros2_term_project/build/lib/ros2_term_project
[0.808s] running install
[0.809s] running install_lib
[0.810s] creating /home/ros2/Downloads/ros2_term_project/install/ros2_term_project/lib/python3.8/site-packages/ros2_term_project
[0.810s] copying /home/ros2/Downloads/ros2_term_project/build/ros2_term_project/build/lib/ros2_term_project/box_spawn.py -> /home/ros2/Downloads/ros2_term_project/install/ros2_term_project/lib/python3.8/site-packages/ros2_term_project
[0.810s] copying /home/ros2/Downloads/ros2_term_project/build/ros2_term_project/build/lib/ros2_term_project/__init__.py -> /home/ros2/Downloads/ros2_term_project/install/ros2_term_project/lib/python3.8/site-packages/ros2_term_project
[0.810s] copying /home/ros2/Downloads/ros2_term_project/build/ros2_term_project/build/lib/ros2_term_project/MinimalClientAsync.py -> /home/ros2/Downloads/ros2_term_project/install/ros2_term_project/lib/python3.8/site-packages/ros2_term_project
[0.811s] byte-compiling /home/ros2/Downloads/ros2_term_project/install/ros2_term_project/lib/python3.8/site-packages/ros2_term_project/box_spawn.py to box_spawn.cpython-38.pyc
[0.813s] byte-compiling /home/ros2/Downloads/ros2_term_project/install/ros2_term_project/lib/python3.8/site-packages/ros2_term_project/__init__.py to __init__.cpython-38.pyc
[0.813s] byte-compiling /home/ros2/Downloads/ros2_term_project/install/ros2_term_project/lib/python3.8/site-packages/ros2_term_project/MinimalClientAsync.py to MinimalClientAsync.cpython-38.pyc
[0.813s] running install_data
[0.813s] creating /home/ros2/Downloads/ros2_term_project/install/ros2_term_project/share/ament_index
[0.814s] creating /home/ros2/Downloads/ros2_term_project/install/ros2_term_project/share/ament_index/resource_index
[0.814s] creating /home/ros2/Downloads/ros2_term_project/install/ros2_term_project/share/ament_index/resource_index/packages
[0.815s] copying resource/ros2_term_project -> /home/ros2/Downloads/ros2_term_project/install/ros2_term_project/share/ament_index/resource_index/packages
[0.815s] copying package.xml -> /home/ros2/Downloads/ros2_term_project/install/ros2_term_project/share/ros2_term_project
[0.815s] creating /home/ros2/Downloads/ros2_term_project/install/ros2_term_project/share/ros2_term_project/launch
[0.815s] copying launch/car_sim.launch.py -> /home/ros2/Downloads/ros2_term_project/install/ros2_term_project/share/ros2_term_project/launch
[0.816s] creating /home/ros2/Downloads/ros2_term_project/install/ros2_term_project/share/ros2_term_project/worlds
[0.816s] copying worlds/car_track.world -> /home/ros2/Downloads/ros2_term_project/install/ros2_term_project/share/ros2_term_project/worlds
[0.816s] copying worlds/ros2_car_track_thick_lines.png -> /home/ros2/Downloads/ros2_term_project/install/ros2_term_project/share/ros2_term_project/worlds
[0.817s] copying worlds/car_track.world.2 -> /home/ros2/Downloads/ros2_term_project/install/ros2_term_project/share/ros2_term_project/worlds
[0.817s] copying worlds/course.material -> /home/ros2/Downloads/ros2_term_project/install/ros2_term_project/share/ros2_term_project/worlds
[0.817s] copying worlds/car_track.world.1 -> /home/ros2/Downloads/ros2_term_project/install/ros2_term_project/share/ros2_term_project/worlds
[0.818s] copying worlds/car_track.world.0 -> /home/ros2/Downloads/ros2_term_project/install/ros2_term_project/share/ros2_term_project/worlds
[0.818s] copying worlds/ros2_car_track.png -> /home/ros2/Downloads/ros2_term_project/install/ros2_term_project/share/ros2_term_project/worlds
[0.818s] running install_egg_info
[0.819s] Copying build/ros2_term_project/ros2_term_project.egg-info to /home/ros2/Downloads/ros2_term_project/install/ros2_term_project/lib/python3.8/site-packages/ros2_term_project-0.0.0-py3.8.egg-info
[0.821s] running install_scripts
[0.835s] Installing box_spawn script to /home/ros2/Downloads/ros2_term_project/install/ros2_term_project/lib/ros2_term_project
[0.835s] writing list of installed files to '/home/ros2/Downloads/ros2_term_project/build/ros2_term_project/install.log'
[0.849s] Invoked command in '/home/ros2/Downloads/ros2_term_project' returned '0': PYTHONPATH=/home/ros2/Downloads/ros2_term_project/install/ros2_term_project/lib/python3.8/site-packages:${PYTHONPATH} /usr/bin/python3 setup.py egg_info --egg-base build/ros2_term_project build --build-base /home/ros2/Downloads/ros2_term_project/build/ros2_term_project/build install --prefix /home/ros2/Downloads/ros2_term_project/install/ros2_term_project --record /home/ros2/Downloads/ros2_term_project/build/ros2_term_project/install.log --single-version-externally-managed
