[0.564s] Invoking command in '/home/ros2/Downloads/ros2_term_project': PYTHONPATH=/home/ros2/Downloads/ros2_term_project/install/ros2_term_project/lib/python3.8/site-packages:${PYTHONPATH} /usr/bin/python3 setup.py egg_info --egg-base build/ros2_term_project build --build-base /home/ros2/Downloads/ros2_term_project/build/ros2_term_project/build install --prefix /home/ros2/Downloads/ros2_term_project/install/ros2_term_project --record /home/ros2/Downloads/ros2_term_project/build/ros2_term_project/install.log --single-version-externally-managed
[0.731s] running egg_info
[0.731s] writing build/ros2_term_project/ros2_term_project.egg-info/PKG-INFO
[0.732s] writing dependency_links to build/ros2_term_project/ros2_term_project.egg-info/dependency_links.txt
[0.732s] writing entry points to build/ros2_term_project/ros2_term_project.egg-info/entry_points.txt
[0.733s] writing requirements to build/ros2_term_project/ros2_term_project.egg-info/requires.txt
[0.733s] writing top-level names to build/ros2_term_project/ros2_term_project.egg-info/top_level.txt
[0.763s] reading manifest file 'build/ros2_term_project/ros2_term_project.egg-info/SOURCES.txt'
[0.765s] writing manifest file 'build/ros2_term_project/ros2_term_project.egg-info/SOURCES.txt'
[0.765s] running build
[0.765s] running build_py
[0.766s] running install
[0.766s] running install_lib
[0.767s] running install_data
[0.769s] running install_egg_info
[0.771s] removing '/home/ros2/Downloads/ros2_term_project/install/ros2_term_project/lib/python3.8/site-packages/ros2_term_project-0.0.0-py3.8.egg-info' (and everything under it)
[0.771s] Copying build/ros2_term_project/ros2_term_project.egg-info to /home/ros2/Downloads/ros2_term_project/install/ros2_term_project/lib/python3.8/site-packages/ros2_term_project-0.0.0-py3.8.egg-info
[0.773s] running install_scripts
[0.786s] Installing box_spawn script to /home/ros2/Downloads/ros2_term_project/install/ros2_term_project/lib/ros2_term_project
[0.788s] writing list of installed files to '/home/ros2/Downloads/ros2_term_project/build/ros2_term_project/install.log'
[0.803s] Invoked command in '/home/ros2/Downloads/ros2_term_project' returned '0': PYTHONPATH=/home/ros2/Downloads/ros2_term_project/install/ros2_term_project/lib/python3.8/site-packages:${PYTHONPATH} /usr/bin/python3 setup.py egg_info --egg-base build/ros2_term_project build --build-base /home/ros2/Downloads/ros2_term_project/build/ros2_term_project/build install --prefix /home/ros2/Downloads/ros2_term_project/install/ros2_term_project --record /home/ros2/Downloads/ros2_term_project/build/ros2_term_project/install.log --single-version-externally-managed
