[0.034s] Invoking command in '/home/ros2/Ros2Projects/oom_ws/build/custom_interface': CMAKE_PREFIX_PATH=/opt/ros/foxy /bin/cmake /home/ros2/Ros2Projects/oom_ws/src/custom_interface -DCMAKE_INSTALL_PREFIX=/home/ros2/Ros2Projects/oom_ws/install/custom_interface
[0.168s] -- The C compiler identification is GNU 9.4.0
[0.276s] -- The CXX compiler identification is GNU 9.4.0
[0.280s] -- Check for working C compiler: /bin/cc
[0.347s] -- Check for working C compiler: /bin/cc -- works
[0.348s] -- Detecting C compiler ABI info
[0.409s] -- Detecting C compiler ABI info - done
[0.417s] -- Detecting C compile features
[0.418s] -- Detecting C compile features - done
[0.420s] -- Check for working CXX compiler: /bin/c++
[0.492s] -- Check for working CXX compiler: /bin/c++ -- works
[0.493s] -- Detecting CXX compiler ABI info
[0.565s] -- Detecting CXX compiler ABI info - done
[0.572s] -- Detecting CXX compile features
[0.573s] -- Detecting CXX compile features - done
[0.577s] -- Found ament_cmake: 0.9.9 (/opt/ros/foxy/share/ament_cmake/cmake)
[0.599s] -- Found PythonInterp: /bin/python3 (found suitable version "3.8.10", minimum required is "3") 
[0.600s] -- Using PYTHON_EXECUTABLE: /bin/python3
[0.775s] -- Found std_msgs: 2.0.5 (/opt/ros/foxy/share/std_msgs/cmake)
[0.808s] -- Using all available rosidl_typesupport_c: rosidl_typesupport_fastrtps_c;rosidl_typesupport_introspection_c
[0.817s] -- Found rosidl_adapter: 1.2.1 (/opt/ros/foxy/share/rosidl_adapter/cmake)
[0.946s] -- Found OpenSSL: /usr/lib/x86_64-linux-gnu/libcrypto.so (found version "1.1.1f")  
[0.982s] -- Found FastRTPS: /opt/ros/foxy/include  
[1.069s] -- Using all available rosidl_typesupport_cpp: rosidl_typesupport_fastrtps_cpp;rosidl_typesupport_introspection_cpp
[1.107s] -- Found rosidl_default_generators: 1.0.1 (/opt/ros/foxy/share/rosidl_default_generators/cmake)
[1.133s] -- Found PythonInterp: /bin/python3 (found version "3.8.10") 
[1.262s] -- Found ament_cmake_ros: 0.9.2 (/opt/ros/foxy/share/ament_cmake_ros/cmake)
[1.453s] -- Using all available rosidl_typesupport_c: rosidl_typesupport_fastrtps_c;rosidl_typesupport_introspection_c
[1.502s] -- Using all available rosidl_typesupport_cpp: rosidl_typesupport_fastrtps_cpp;rosidl_typesupport_introspection_cpp
[1.522s] -- Found PythonInterp: /bin/python3 (found suitable version "3.8.10", minimum required is "3.5") 
[1.526s] -- Found python_cmake_module: 0.8.1 (/opt/ros/foxy/share/python_cmake_module/cmake)
[1.555s] -- Found PythonLibs: /usr/lib/x86_64-linux-gnu/libpython3.8.so (found suitable version "3.8.10", minimum required is "3.5") 
[1.555s] -- Using PYTHON_EXECUTABLE: /bin/python3
[1.555s] -- Using PYTHON_INCLUDE_DIRS: /usr/include/python3.8
[1.555s] -- Using PYTHON_LIBRARIES: /usr/lib/x86_64-linux-gnu/libpython3.8.so
[1.572s] -- Found PythonExtra: .so  
[1.626s] -- Found ament_lint_auto: 0.9.6 (/opt/ros/foxy/share/ament_lint_auto/cmake)
[1.676s] -- Added test 'copyright' to check source files copyright and LICENSE
[1.680s] -- Added test 'lint_cmake' to check CMake code style
[1.682s] -- Added test 'xmllint' to check XML markup files
[1.690s] -- Configuring done
[1.762s] -- Generating done
[1.766s] -- Build files have been written to: /home/ros2/Ros2Projects/oom_ws/build/custom_interface
[1.774s] Invoked command in '/home/ros2/Ros2Projects/oom_ws/build/custom_interface' returned '0': CMAKE_PREFIX_PATH=/opt/ros/foxy /bin/cmake /home/ros2/Ros2Projects/oom_ws/src/custom_interface -DCMAKE_INSTALL_PREFIX=/home/ros2/Ros2Projects/oom_ws/install/custom_interface
[1.775s] Invoking command in '/home/ros2/Ros2Projects/oom_ws/build/custom_interface': CMAKE_PREFIX_PATH=/opt/ros/foxy /bin/cmake --build /home/ros2/Ros2Projects/oom_ws/build/custom_interface -- -j12 -l12
[1.813s] [  3%] [34m[1mGenerating C code for ROS interfaces[0m
[1.813s] [35m[1mScanning dependencies of target custom_interface__cpp[0m
[1.822s] [  6%] [34m[1mGenerating C++ code for ROS interfaces[0m
[2.034s] [  6%] Built target custom_interface__cpp
[2.034s] [35m[1mScanning dependencies of target custom_interface__rosidl_generator_c[0m
[2.043s] [ 16%] [34m[1mGenerating C++ type support dispatch for ROS interfaces[0m
[2.043s] [ 16%] [34m[1mGenerating C++ type support for eProsima Fast-RTPS[0m
[2.043s] [ 16%] [34m[1mGenerating C++ introspection for ROS interfaces[0m
[2.047s] [ 19%] [32mBuilding C object CMakeFiles/custom_interface__rosidl_generator_c.dir/rosidl_generator_c/custom_interface/msg/detail/start_car__functions.c.o[0m
[2.103s] [ 22%] [32m[1mLinking C shared library libcustom_interface__rosidl_generator_c.so[0m
[2.143s] [ 22%] Built target custom_interface__rosidl_generator_c
[2.153s] [ 25%] [34m[1mGenerating C type support dispatch for ROS interfaces[0m
[2.153s] [ 29%] [34m[1mGenerating C introspection for ROS interfaces[0m
[2.240s] [35m[1mScanning dependencies of target custom_interface__rosidl_typesupport_cpp[0m
[2.254s] [ 32%] [32mBuilding CXX object CMakeFiles/custom_interface__rosidl_typesupport_cpp.dir/rosidl_typesupport_cpp/custom_interface/msg/start_car__type_support.cpp.o[0m
[2.261s] [35m[1mScanning dependencies of target custom_interface__rosidl_typesupport_introspection_cpp[0m
[2.265s] [35m[1mScanning dependencies of target custom_interface__rosidl_typesupport_fastrtps_cpp[0m
[2.275s] [ 35%] [32mBuilding CXX object CMakeFiles/custom_interface__rosidl_typesupport_introspection_cpp.dir/rosidl_typesupport_introspection_cpp/custom_interface/msg/detail/start_car__type_support.cpp.o[0m
[2.287s] [ 38%] [32mBuilding CXX object CMakeFiles/custom_interface__rosidl_typesupport_fastrtps_cpp.dir/rosidl_typesupport_fastrtps_cpp/custom_interface/msg/detail/dds_fastrtps/start_car__type_support.cpp.o[0m
[2.365s] [35m[1mScanning dependencies of target custom_interface__rosidl_typesupport_c[0m
[2.378s] [ 41%] [32mBuilding CXX object CMakeFiles/custom_interface__rosidl_typesupport_c.dir/rosidl_typesupport_c/custom_interface/msg/start_car__type_support.cpp.o[0m
[2.394s] [35m[1mScanning dependencies of target custom_interface__rosidl_typesupport_introspection_c[0m
[2.409s] [ 45%] [32mBuilding C object CMakeFiles/custom_interface__rosidl_typesupport_introspection_c.dir/rosidl_typesupport_introspection_c/custom_interface/msg/detail/start_car__type_support.c.o[0m
[2.413s] [ 48%] [32m[1mLinking CXX shared library libcustom_interface__rosidl_typesupport_c.so[0m
[2.444s] [ 51%] [32m[1mLinking C shared library libcustom_interface__rosidl_typesupport_introspection_c.so[0m
[2.455s] [ 51%] Built target custom_interface__rosidl_typesupport_c
[2.476s] [ 51%] Built target custom_interface__rosidl_typesupport_introspection_c
[2.539s] [ 54%] [32m[1mLinking CXX shared library libcustom_interface__rosidl_typesupport_cpp.so[0m
[2.553s] [ 58%] [32m[1mLinking CXX shared library libcustom_interface__rosidl_typesupport_introspection_cpp.so[0m
[2.576s] [ 58%] Built target custom_interface__rosidl_typesupport_cpp
[2.602s] [ 58%] Built target custom_interface__rosidl_typesupport_introspection_cpp
[2.649s] [ 61%] [32m[1mLinking CXX shared library libcustom_interface__rosidl_typesupport_fastrtps_cpp.so[0m
[2.713s] [ 61%] Built target custom_interface__rosidl_typesupport_fastrtps_cpp
[2.722s] [ 64%] [34m[1mGenerating C type support for eProsima Fast-RTPS[0m
[2.924s] [35m[1mScanning dependencies of target custom_interface__rosidl_typesupport_fastrtps_c[0m
[2.938s] [ 67%] [32mBuilding CXX object CMakeFiles/custom_interface__rosidl_typesupport_fastrtps_c.dir/rosidl_typesupport_fastrtps_c/custom_interface/msg/detail/start_car__type_support_c.cpp.o[0m
[3.196s] [ 70%] [32m[1mLinking CXX shared library libcustom_interface__rosidl_typesupport_fastrtps_c.so[0m
[3.259s] [ 70%] Built target custom_interface__rosidl_typesupport_fastrtps_c
[3.268s] [35m[1mScanning dependencies of target custom_interface[0m
[3.276s] [ 70%] Built target custom_interface
[3.285s] [35m[1mScanning dependencies of target custom_interface__py[0m
[3.296s] [ 74%] [34m[1mGenerating Python code for ROS interfaces[0m
[3.673s] [ 74%] Built target custom_interface__py
[3.681s] [35m[1mScanning dependencies of target custom_interface__python[0m
[3.720s] [ 77%] [32mBuilding C object CMakeFiles/custom_interface__python.dir/rosidl_generator_py/custom_interface/msg/_start_car_s.c.o[0m
[3.803s] [ 80%] [32m[1mLinking C shared library rosidl_generator_py/custom_interface/libcustom_interface__python.so[0m
[3.838s] [ 80%] Built target custom_interface__python
[3.847s] [35m[1mScanning dependencies of target custom_interface__rosidl_typesupport_c__pyext[0m
[3.847s] [35m[1mScanning dependencies of target custom_interface__rosidl_typesupport_fastrtps_c__pyext[0m
[3.847s] [35m[1mScanning dependencies of target custom_interface__rosidl_typesupport_introspection_c__pyext[0m
[3.864s] [ 83%] [32mBuilding C object CMakeFiles/custom_interface__rosidl_typesupport_introspection_c__pyext.dir/rosidl_generator_py/custom_interface/_custom_interface_s.ep.rosidl_typesupport_introspection_c.c.o[0m
[3.864s] [ 87%] [32mBuilding C object CMakeFiles/custom_interface__rosidl_typesupport_c__pyext.dir/rosidl_generator_py/custom_interface/_custom_interface_s.ep.rosidl_typesupport_c.c.o[0m
[3.866s] [ 90%] [32mBuilding C object CMakeFiles/custom_interface__rosidl_typesupport_fastrtps_c__pyext.dir/rosidl_generator_py/custom_interface/_custom_interface_s.ep.rosidl_typesupport_fastrtps_c.c.o[0m
[3.928s] [ 96%] [32m[1mLinking C shared library rosidl_generator_py/custom_interface/custom_interface_s__rosidl_typesupport_c.cpython-38-x86_64-linux-gnu.so[0m
[3.928s] [ 96%] [32m[1mLinking C shared library rosidl_generator_py/custom_interface/custom_interface_s__rosidl_typesupport_introspection_c.cpython-38-x86_64-linux-gnu.so[0m
[3.930s] [100%] [32m[1mLinking CXX shared library rosidl_generator_py/custom_interface/custom_interface_s__rosidl_typesupport_fastrtps_c.cpython-38-x86_64-linux-gnu.so[0m
[3.962s] [100%] Built target custom_interface__rosidl_typesupport_introspection_c__pyext
[3.962s] [100%] Built target custom_interface__rosidl_typesupport_c__pyext
[3.986s] [100%] Built target custom_interface__rosidl_typesupport_fastrtps_c__pyext
[3.996s] Invoked command in '/home/ros2/Ros2Projects/oom_ws/build/custom_interface' returned '0': CMAKE_PREFIX_PATH=/opt/ros/foxy /bin/cmake --build /home/ros2/Ros2Projects/oom_ws/build/custom_interface -- -j12 -l12
[4.056s] Invoking command in '/home/ros2/Ros2Projects/oom_ws/build/custom_interface': CMAKE_PREFIX_PATH=/opt/ros/foxy /bin/cmake --install /home/ros2/Ros2Projects/oom_ws/build/custom_interface
[4.063s] -- Install configuration: ""
[4.064s] -- Installing: /home/ros2/Ros2Projects/oom_ws/install/custom_interface/share/ament_index/resource_index/rosidl_interfaces/custom_interface
[4.064s] -- Installing: /home/ros2/Ros2Projects/oom_ws/install/custom_interface/include/custom_interface
[4.065s] -- Installing: /home/ros2/Ros2Projects/oom_ws/install/custom_interface/include/custom_interface/msg
[4.065s] -- Installing: /home/ros2/Ros2Projects/oom_ws/install/custom_interface/include/custom_interface/msg/detail
[4.065s] -- Installing: /home/ros2/Ros2Projects/oom_ws/install/custom_interface/include/custom_interface/msg/detail/start_car__functions.h
[4.065s] -- Installing: /home/ros2/Ros2Projects/oom_ws/install/custom_interface/include/custom_interface/msg/detail/start_car__type_support.h
[4.065s] -- Installing: /home/ros2/Ros2Projects/oom_ws/install/custom_interface/include/custom_interface/msg/detail/start_car__struct.h
[4.065s] -- Installing: /home/ros2/Ros2Projects/oom_ws/install/custom_interface/include/custom_interface/msg/detail/start_car__functions.c
[4.066s] -- Installing: /home/ros2/Ros2Projects/oom_ws/install/custom_interface/include/custom_interface/msg/rosidl_generator_c__visibility_control.h
[4.066s] -- Installing: /home/ros2/Ros2Projects/oom_ws/install/custom_interface/include/custom_interface/msg/start_car.h
[4.066s] -- Installing: /home/ros2/Ros2Projects/oom_ws/install/custom_interface/share/custom_interface/environment/library_path.sh
[4.067s] -- Installing: /home/ros2/Ros2Projects/oom_ws/install/custom_interface/share/custom_interface/environment/library_path.dsv
[4.067s] -- Installing: /home/ros2/Ros2Projects/oom_ws/install/custom_interface/lib/libcustom_interface__rosidl_generator_c.so
[4.067s] -- Set runtime path of "/home/ros2/Ros2Projects/oom_ws/install/custom_interface/lib/libcustom_interface__rosidl_generator_c.so" to ""
[4.068s] -- Up-to-date: /home/ros2/Ros2Projects/oom_ws/install/custom_interface/include/custom_interface
[4.068s] -- Up-to-date: /home/ros2/Ros2Projects/oom_ws/install/custom_interface/include/custom_interface/msg
[4.068s] -- Up-to-date: /home/ros2/Ros2Projects/oom_ws/install/custom_interface/include/custom_interface/msg/detail
[4.068s] -- Installing: /home/ros2/Ros2Projects/oom_ws/install/custom_interface/include/custom_interface/msg/detail/start_car__rosidl_typesupport_fastrtps_c.h
[4.068s] -- Installing: /home/ros2/Ros2Projects/oom_ws/install/custom_interface/include/custom_interface/msg/rosidl_typesupport_fastrtps_c__visibility_control.h
[4.068s] -- Installing: /home/ros2/Ros2Projects/oom_ws/install/custom_interface/lib/libcustom_interface__rosidl_typesupport_fastrtps_c.so
[4.069s] -- Set runtime path of "/home/ros2/Ros2Projects/oom_ws/install/custom_interface/lib/libcustom_interface__rosidl_typesupport_fastrtps_c.so" to ""
[4.069s] -- Up-to-date: /home/ros2/Ros2Projects/oom_ws/install/custom_interface/include/custom_interface
[4.069s] -- Up-to-date: /home/ros2/Ros2Projects/oom_ws/install/custom_interface/include/custom_interface/msg
[4.069s] -- Up-to-date: /home/ros2/Ros2Projects/oom_ws/install/custom_interface/include/custom_interface/msg/detail
[4.069s] -- Installing: /home/ros2/Ros2Projects/oom_ws/install/custom_interface/include/custom_interface/msg/detail/start_car__rosidl_typesupport_fastrtps_cpp.hpp
[4.069s] -- Installing: /home/ros2/Ros2Projects/oom_ws/install/custom_interface/include/custom_interface/msg/detail/dds_fastrtps
[4.070s] -- Installing: /home/ros2/Ros2Projects/oom_ws/install/custom_interface/include/custom_interface/msg/rosidl_typesupport_fastrtps_cpp__visibility_control.h
[4.070s] -- Installing: /home/ros2/Ros2Projects/oom_ws/install/custom_interface/lib/libcustom_interface__rosidl_typesupport_fastrtps_cpp.so
[4.070s] -- Set runtime path of "/home/ros2/Ros2Projects/oom_ws/install/custom_interface/lib/libcustom_interface__rosidl_typesupport_fastrtps_cpp.so" to ""
[4.070s] -- Up-to-date: /home/ros2/Ros2Projects/oom_ws/install/custom_interface/include/custom_interface
[4.070s] -- Up-to-date: /home/ros2/Ros2Projects/oom_ws/install/custom_interface/include/custom_interface/msg
[4.071s] -- Up-to-date: /home/ros2/Ros2Projects/oom_ws/install/custom_interface/include/custom_interface/msg/detail
[4.071s] -- Installing: /home/ros2/Ros2Projects/oom_ws/install/custom_interface/include/custom_interface/msg/detail/start_car__type_support.c
[4.071s] -- Installing: /home/ros2/Ros2Projects/oom_ws/install/custom_interface/include/custom_interface/msg/detail/start_car__rosidl_typesupport_introspection_c.h
[4.071s] -- Installing: /home/ros2/Ros2Projects/oom_ws/install/custom_interface/include/custom_interface/msg/rosidl_typesupport_introspection_c__visibility_control.h
[4.071s] -- Installing: /home/ros2/Ros2Projects/oom_ws/install/custom_interface/lib/libcustom_interface__rosidl_typesupport_introspection_c.so
[4.072s] -- Set runtime path of "/home/ros2/Ros2Projects/oom_ws/install/custom_interface/lib/libcustom_interface__rosidl_typesupport_introspection_c.so" to ""
[4.072s] -- Installing: /home/ros2/Ros2Projects/oom_ws/install/custom_interface/lib/libcustom_interface__rosidl_typesupport_c.so
[4.072s] -- Set runtime path of "/home/ros2/Ros2Projects/oom_ws/install/custom_interface/lib/libcustom_interface__rosidl_typesupport_c.so" to ""
[4.072s] -- Up-to-date: /home/ros2/Ros2Projects/oom_ws/install/custom_interface/include/custom_interface
[4.073s] -- Up-to-date: /home/ros2/Ros2Projects/oom_ws/install/custom_interface/include/custom_interface/msg
[4.073s] -- Up-to-date: /home/ros2/Ros2Projects/oom_ws/install/custom_interface/include/custom_interface/msg/detail
[4.073s] -- Installing: /home/ros2/Ros2Projects/oom_ws/install/custom_interface/include/custom_interface/msg/detail/start_car__builder.hpp
[4.073s] -- Installing: /home/ros2/Ros2Projects/oom_ws/install/custom_interface/include/custom_interface/msg/detail/start_car__traits.hpp
[4.073s] -- Installing: /home/ros2/Ros2Projects/oom_ws/install/custom_interface/include/custom_interface/msg/detail/start_car__struct.hpp
[4.073s] -- Installing: /home/ros2/Ros2Projects/oom_ws/install/custom_interface/include/custom_interface/msg/start_car.hpp
[4.074s] -- Up-to-date: /home/ros2/Ros2Projects/oom_ws/install/custom_interface/include/custom_interface
[4.074s] -- Up-to-date: /home/ros2/Ros2Projects/oom_ws/install/custom_interface/include/custom_interface/msg
[4.074s] -- Up-to-date: /home/ros2/Ros2Projects/oom_ws/install/custom_interface/include/custom_interface/msg/detail
[4.074s] -- Installing: /home/ros2/Ros2Projects/oom_ws/install/custom_interface/include/custom_interface/msg/detail/start_car__type_support.cpp
[4.074s] -- Installing: /home/ros2/Ros2Projects/oom_ws/install/custom_interface/include/custom_interface/msg/detail/start_car__rosidl_typesupport_introspection_cpp.hpp
[4.074s] -- Installing: /home/ros2/Ros2Projects/oom_ws/install/custom_interface/lib/libcustom_interface__rosidl_typesupport_introspection_cpp.so
[4.074s] -- Set runtime path of "/home/ros2/Ros2Projects/oom_ws/install/custom_interface/lib/libcustom_interface__rosidl_typesupport_introspection_cpp.so" to ""
[4.074s] -- Installing: /home/ros2/Ros2Projects/oom_ws/install/custom_interface/lib/libcustom_interface__rosidl_typesupport_cpp.so
[4.075s] -- Set runtime path of "/home/ros2/Ros2Projects/oom_ws/install/custom_interface/lib/libcustom_interface__rosidl_typesupport_cpp.so" to ""
[4.075s] -- Installing: /home/ros2/Ros2Projects/oom_ws/install/custom_interface/share/custom_interface/environment/pythonpath.sh
[4.075s] -- Installing: /home/ros2/Ros2Projects/oom_ws/install/custom_interface/share/custom_interface/environment/pythonpath.dsv
[4.076s] -- Installing: /home/ros2/Ros2Projects/oom_ws/install/custom_interface/lib/python3.8/site-packages/custom_interface/__init__.py
[4.101s] Compiling '/home/ros2/Ros2Projects/oom_ws/install/custom_interface/lib/python3.8/site-packages/custom_interface/__init__.py'...
[4.103s] -- Installing: /home/ros2/Ros2Projects/oom_ws/install/custom_interface/lib/python3.8/site-packages/custom_interface/msg
[4.104s] -- Installing: /home/ros2/Ros2Projects/oom_ws/install/custom_interface/lib/python3.8/site-packages/custom_interface/msg/__init__.py
[4.104s] -- Installing: /home/ros2/Ros2Projects/oom_ws/install/custom_interface/lib/python3.8/site-packages/custom_interface/msg/_start_car_s.c
[4.104s] -- Installing: /home/ros2/Ros2Projects/oom_ws/install/custom_interface/lib/python3.8/site-packages/custom_interface/msg/_start_car.py
[4.105s] -- Installing: /home/ros2/Ros2Projects/oom_ws/install/custom_interface/lib/python3.8/site-packages/custom_interface/custom_interface_s__rosidl_typesupport_fastrtps_c.cpython-38-x86_64-linux-gnu.so
[4.105s] -- Set runtime path of "/home/ros2/Ros2Projects/oom_ws/install/custom_interface/lib/python3.8/site-packages/custom_interface/custom_interface_s__rosidl_typesupport_fastrtps_c.cpython-38-x86_64-linux-gnu.so" to ""
[4.105s] -- Installing: /home/ros2/Ros2Projects/oom_ws/install/custom_interface/lib/python3.8/site-packages/custom_interface/custom_interface_s__rosidl_typesupport_introspection_c.cpython-38-x86_64-linux-gnu.so
[4.106s] -- Set runtime path of "/home/ros2/Ros2Projects/oom_ws/install/custom_interface/lib/python3.8/site-packages/custom_interface/custom_interface_s__rosidl_typesupport_introspection_c.cpython-38-x86_64-linux-gnu.so" to ""
[4.106s] -- Installing: /home/ros2/Ros2Projects/oom_ws/install/custom_interface/lib/python3.8/site-packages/custom_interface/custom_interface_s__rosidl_typesupport_c.cpython-38-x86_64-linux-gnu.so
[4.107s] -- Set runtime path of "/home/ros2/Ros2Projects/oom_ws/install/custom_interface/lib/python3.8/site-packages/custom_interface/custom_interface_s__rosidl_typesupport_c.cpython-38-x86_64-linux-gnu.so" to ""
[4.107s] -- Installing: /home/ros2/Ros2Projects/oom_ws/install/custom_interface/lib/libcustom_interface__python.so
[4.107s] -- Set runtime path of "/home/ros2/Ros2Projects/oom_ws/install/custom_interface/lib/libcustom_interface__python.so" to ""
[4.108s] -- Installing: /home/ros2/Ros2Projects/oom_ws/install/custom_interface/share/custom_interface/msg/StartCar.idl
[4.108s] -- Installing: /home/ros2/Ros2Projects/oom_ws/install/custom_interface/share/custom_interface/msg/StartCar.msg
[4.108s] -- Installing: /home/ros2/Ros2Projects/oom_ws/install/custom_interface/share/ament_index/resource_index/package_run_dependencies/custom_interface
[4.109s] -- Installing: /home/ros2/Ros2Projects/oom_ws/install/custom_interface/share/ament_index/resource_index/parent_prefix_path/custom_interface
[4.109s] -- Installing: /home/ros2/Ros2Projects/oom_ws/install/custom_interface/share/custom_interface/environment/ament_prefix_path.sh
[4.109s] -- Installing: /home/ros2/Ros2Projects/oom_ws/install/custom_interface/share/custom_interface/environment/ament_prefix_path.dsv
[4.109s] -- Installing: /home/ros2/Ros2Projects/oom_ws/install/custom_interface/share/custom_interface/environment/path.sh
[4.109s] -- Installing: /home/ros2/Ros2Projects/oom_ws/install/custom_interface/share/custom_interface/environment/path.dsv
[4.110s] -- Installing: /home/ros2/Ros2Projects/oom_ws/install/custom_interface/share/custom_interface/local_setup.bash
[4.110s] -- Installing: /home/ros2/Ros2Projects/oom_ws/install/custom_interface/share/custom_interface/local_setup.sh
[4.110s] -- Installing: /home/ros2/Ros2Projects/oom_ws/install/custom_interface/share/custom_interface/local_setup.zsh
[4.110s] -- Installing: /home/ros2/Ros2Projects/oom_ws/install/custom_interface/share/custom_interface/local_setup.dsv
[4.110s] -- Installing: /home/ros2/Ros2Projects/oom_ws/install/custom_interface/share/custom_interface/package.dsv
[4.111s] -- Installing: /home/ros2/Ros2Projects/oom_ws/install/custom_interface/share/ament_index/resource_index/packages/custom_interface
[4.111s] -- Installing: /home/ros2/Ros2Projects/oom_ws/install/custom_interface/share/custom_interface/cmake/custom_interface__rosidl_generator_cExport.cmake
[4.112s] -- Installing: /home/ros2/Ros2Projects/oom_ws/install/custom_interface/share/custom_interface/cmake/custom_interface__rosidl_generator_cExport-noconfig.cmake
[4.112s] -- Installing: /home/ros2/Ros2Projects/oom_ws/install/custom_interface/share/custom_interface/cmake/custom_interface__rosidl_typesupport_introspection_cExport.cmake
[4.112s] -- Installing: /home/ros2/Ros2Projects/oom_ws/install/custom_interface/share/custom_interface/cmake/custom_interface__rosidl_typesupport_introspection_cExport-noconfig.cmake
[4.113s] -- Installing: /home/ros2/Ros2Projects/oom_ws/install/custom_interface/share/custom_interface/cmake/custom_interface__rosidl_typesupport_cExport.cmake
[4.113s] -- Installing: /home/ros2/Ros2Projects/oom_ws/install/custom_interface/share/custom_interface/cmake/custom_interface__rosidl_typesupport_cExport-noconfig.cmake
[4.113s] -- Installing: /home/ros2/Ros2Projects/oom_ws/install/custom_interface/share/custom_interface/cmake/custom_interface__rosidl_generator_cppExport.cmake
[4.113s] -- Installing: /home/ros2/Ros2Projects/oom_ws/install/custom_interface/share/custom_interface/cmake/custom_interface__rosidl_typesupport_introspection_cppExport.cmake
[4.114s] -- Installing: /home/ros2/Ros2Projects/oom_ws/install/custom_interface/share/custom_interface/cmake/custom_interface__rosidl_typesupport_introspection_cppExport-noconfig.cmake
[4.114s] -- Installing: /home/ros2/Ros2Projects/oom_ws/install/custom_interface/share/custom_interface/cmake/custom_interface__rosidl_typesupport_cppExport.cmake
[4.114s] -- Installing: /home/ros2/Ros2Projects/oom_ws/install/custom_interface/share/custom_interface/cmake/custom_interface__rosidl_typesupport_cppExport-noconfig.cmake
[4.114s] -- Installing: /home/ros2/Ros2Projects/oom_ws/install/custom_interface/share/custom_interface/cmake/rosidl_cmake-extras.cmake
[4.115s] -- Installing: /home/ros2/Ros2Projects/oom_ws/install/custom_interface/share/custom_interface/cmake/ament_cmake_export_dependencies-extras.cmake
[4.115s] -- Installing: /home/ros2/Ros2Projects/oom_ws/install/custom_interface/share/custom_interface/cmake/ament_cmake_export_libraries-extras.cmake
[4.115s] -- Installing: /home/ros2/Ros2Projects/oom_ws/install/custom_interface/share/custom_interface/cmake/ament_cmake_export_targets-extras.cmake
[4.115s] -- Installing: /home/ros2/Ros2Projects/oom_ws/install/custom_interface/share/custom_interface/cmake/ament_cmake_export_include_directories-extras.cmake
[4.116s] -- Installing: /home/ros2/Ros2Projects/oom_ws/install/custom_interface/share/custom_interface/cmake/rosidl_cmake_export_typesupport_libraries-extras.cmake
[4.116s] -- Installing: /home/ros2/Ros2Projects/oom_ws/install/custom_interface/share/custom_interface/cmake/rosidl_cmake_export_typesupport_targets-extras.cmake
[4.116s] -- Installing: /home/ros2/Ros2Projects/oom_ws/install/custom_interface/share/custom_interface/cmake/custom_interfaceConfig.cmake
[4.116s] -- Installing: /home/ros2/Ros2Projects/oom_ws/install/custom_interface/share/custom_interface/cmake/custom_interfaceConfig-version.cmake
[4.116s] -- Installing: /home/ros2/Ros2Projects/oom_ws/install/custom_interface/share/custom_interface/package.xml
[4.121s] Invoked command in '/home/ros2/Ros2Projects/oom_ws/build/custom_interface' returned '0': CMAKE_PREFIX_PATH=/opt/ros/foxy /bin/cmake --install /home/ros2/Ros2Projects/oom_ws/build/custom_interface
