[0.151s] DEBUG:colcon:Command line arguments: ['/bin/colcon', 'build']
[0.151s] DEBUG:colcon:Parsed command line arguments: Namespace(allow_overriding=[], ament_cmake_args=None, base_paths=['.'], build_base='build', catkin_cmake_args=None, catkin_skip_building_tests=False, cmake_args=None, cmake_clean_cache=False, cmake_clean_first=False, cmake_force_configure=False, cmake_target=None, cmake_target_skip_unavailable=False, continue_on_error=False, event_handlers=None, executor='parallel', ignore_user_meta=False, install_base='install', log_base=None, log_level=None, main=<bound method BuildVerb.main of <colcon_core.verb.build.BuildVerb object at 0x7f0ae48ff9d0>>, merge_install=False, metas=['./colcon.meta'], packages_above=None, packages_above_and_dependencies=None, packages_above_depth=None, packages_end=None, packages_ignore=None, packages_ignore_regex=None, packages_select=None, packages_select_build_failed=False, packages_select_by_dep=None, packages_select_regex=None, packages_select_test_failures=False, packages_skip=None, packages_skip_build_finished=False, packages_skip_by_dep=None, packages_skip_regex=None, packages_skip_test_passed=False, packages_skip_up_to=None, packages_start=None, packages_up_to=None, packages_up_to_regex=None, parallel_workers=24, paths=None, symlink_install=False, test_result_base=None, verb_extension=<colcon_core.verb.build.BuildVerb object at 0x7f0ae48ff9d0>, verb_name='build', verb_parser=<colcon_defaults.argument_parser.defaults.DefaultArgumentsDecorator object at 0x7f0ae48fff40>)
[0.180s] Level 1:colcon.colcon_core.package_discovery:discover_packages(colcon_meta) check parameters
[0.180s] Level 1:colcon.colcon_core.package_discovery:discover_packages(recursive) check parameters
[0.180s] Level 1:colcon.colcon_core.package_discovery:discover_packages(ignore) check parameters
[0.180s] Level 1:colcon.colcon_core.package_discovery:discover_packages(path) check parameters
[0.180s] Level 1:colcon.colcon_core.package_discovery:discover_packages(colcon_meta) discover
[0.180s] Level 1:colcon.colcon_core.package_discovery:discover_packages(recursive) discover
[0.180s] INFO:colcon.colcon_core.package_discovery:Crawling recursively for packages in '/home/ros2/Ros2Projects/oom_ws'
[0.180s] Level 1:colcon.colcon_core.package_identification:_identify(.) by extensions ['ignore', 'ignore_ament_install']
[0.180s] Level 1:colcon.colcon_core.package_identification:_identify(.) by extension 'ignore'
[0.180s] Level 1:colcon.colcon_core.package_identification:_identify(.) by extension 'ignore_ament_install'
[0.181s] Level 1:colcon.colcon_core.package_identification:_identify(.) by extensions ['colcon_pkg']
[0.181s] Level 1:colcon.colcon_core.package_identification:_identify(.) by extension 'colcon_pkg'
[0.181s] Level 1:colcon.colcon_core.package_identification:_identify(.) by extensions ['colcon_meta']
[0.181s] Level 1:colcon.colcon_core.package_identification:_identify(.) by extension 'colcon_meta'
[0.181s] Level 1:colcon.colcon_core.package_identification:_identify(.) by extensions ['ros']
[0.181s] Level 1:colcon.colcon_core.package_identification:_identify(.) by extension 'ros'
[0.190s] Level 1:colcon.colcon_core.package_identification:_identify(.) by extensions ['cmake', 'python']
[0.190s] Level 1:colcon.colcon_core.package_identification:_identify(.) by extension 'cmake'
[0.190s] Level 1:colcon.colcon_core.package_identification:_identify(.) by extension 'python'
[0.191s] Level 1:colcon.colcon_core.package_identification:_identify(.) by extensions ['python_setup_py']
[0.191s] Level 1:colcon.colcon_core.package_identification:_identify(.) by extension 'python_setup_py'
[0.191s] Level 1:colcon.colcon_core.package_identification:_identify(build) by extensions ['ignore', 'ignore_ament_install']
[0.191s] Level 1:colcon.colcon_core.package_identification:_identify(build) by extension 'ignore'
[0.191s] Level 1:colcon.colcon_core.package_identification:_identify(build) ignored
[0.191s] Level 1:colcon.colcon_core.package_identification:_identify(install) by extensions ['ignore', 'ignore_ament_install']
[0.191s] Level 1:colcon.colcon_core.package_identification:_identify(install) by extension 'ignore'
[0.191s] Level 1:colcon.colcon_core.package_identification:_identify(install) ignored
[0.191s] Level 1:colcon.colcon_core.package_identification:_identify(log) by extensions ['ignore', 'ignore_ament_install']
[0.191s] Level 1:colcon.colcon_core.package_identification:_identify(log) by extension 'ignore'
[0.191s] Level 1:colcon.colcon_core.package_identification:_identify(log) ignored
[0.191s] Level 1:colcon.colcon_core.package_identification:_identify(src) by extensions ['ignore', 'ignore_ament_install']
[0.191s] Level 1:colcon.colcon_core.package_identification:_identify(src) by extension 'ignore'
[0.191s] Level 1:colcon.colcon_core.package_identification:_identify(src) by extension 'ignore_ament_install'
[0.191s] Level 1:colcon.colcon_core.package_identification:_identify(src) by extensions ['colcon_pkg']
[0.191s] Level 1:colcon.colcon_core.package_identification:_identify(src) by extension 'colcon_pkg'
[0.191s] Level 1:colcon.colcon_core.package_identification:_identify(src) by extensions ['colcon_meta']
[0.191s] Level 1:colcon.colcon_core.package_identification:_identify(src) by extension 'colcon_meta'
[0.191s] Level 1:colcon.colcon_core.package_identification:_identify(src) by extensions ['ros']
[0.191s] Level 1:colcon.colcon_core.package_identification:_identify(src) by extension 'ros'
[0.191s] Level 1:colcon.colcon_core.package_identification:_identify(src) by extensions ['cmake', 'python']
[0.191s] Level 1:colcon.colcon_core.package_identification:_identify(src) by extension 'cmake'
[0.191s] Level 1:colcon.colcon_core.package_identification:_identify(src) by extension 'python'
[0.191s] Level 1:colcon.colcon_core.package_identification:_identify(src) by extensions ['python_setup_py']
[0.191s] Level 1:colcon.colcon_core.package_identification:_identify(src) by extension 'python_setup_py'
[0.192s] Level 1:colcon.colcon_core.package_identification:_identify(src/custom_interface) by extensions ['ignore', 'ignore_ament_install']
[0.192s] Level 1:colcon.colcon_core.package_identification:_identify(src/custom_interface) by extension 'ignore'
[0.192s] Level 1:colcon.colcon_core.package_identification:_identify(src/custom_interface) by extension 'ignore_ament_install'
[0.192s] Level 1:colcon.colcon_core.package_identification:_identify(src/custom_interface) by extensions ['colcon_pkg']
[0.192s] Level 1:colcon.colcon_core.package_identification:_identify(src/custom_interface) by extension 'colcon_pkg'
[0.192s] Level 1:colcon.colcon_core.package_identification:_identify(src/custom_interface) by extensions ['colcon_meta']
[0.192s] Level 1:colcon.colcon_core.package_identification:_identify(src/custom_interface) by extension 'colcon_meta'
[0.192s] Level 1:colcon.colcon_core.package_identification:_identify(src/custom_interface) by extensions ['ros']
[0.192s] Level 1:colcon.colcon_core.package_identification:_identify(src/custom_interface) by extension 'ros'
[0.194s] DEBUG:colcon.colcon_core.package_identification:Package 'src/custom_interface' with type 'ros.ament_cmake' and name 'custom_interface'
[0.194s] Level 1:colcon.colcon_core.package_identification:_identify(src/ros2_term_project) by extensions ['ignore', 'ignore_ament_install']
[0.194s] Level 1:colcon.colcon_core.package_identification:_identify(src/ros2_term_project) by extension 'ignore'
[0.194s] Level 1:colcon.colcon_core.package_identification:_identify(src/ros2_term_project) by extension 'ignore_ament_install'
[0.194s] Level 1:colcon.colcon_core.package_identification:_identify(src/ros2_term_project) by extensions ['colcon_pkg']
[0.194s] Level 1:colcon.colcon_core.package_identification:_identify(src/ros2_term_project) by extension 'colcon_pkg'
[0.194s] Level 1:colcon.colcon_core.package_identification:_identify(src/ros2_term_project) by extensions ['colcon_meta']
[0.194s] Level 1:colcon.colcon_core.package_identification:_identify(src/ros2_term_project) by extension 'colcon_meta'
[0.194s] Level 1:colcon.colcon_core.package_identification:_identify(src/ros2_term_project) by extensions ['ros']
[0.194s] Level 1:colcon.colcon_core.package_identification:_identify(src/ros2_term_project) by extension 'ros'
[0.195s] DEBUG:colcon.colcon_core.package_identification:Package 'src/ros2_term_project' with type 'ros.ament_python' and name 'ros2_term_project'
[0.195s] Level 1:colcon.colcon_core.package_discovery:discover_packages(recursive) using defaults
[0.195s] Level 1:colcon.colcon_core.package_discovery:discover_packages(ignore) discover
[0.195s] Level 1:colcon.colcon_core.package_discovery:discover_packages(ignore) using defaults
[0.195s] Level 1:colcon.colcon_core.package_discovery:discover_packages(path) discover
[0.195s] Level 1:colcon.colcon_core.package_discovery:discover_packages(path) using defaults
[0.214s] Level 1:colcon.colcon_core.package_discovery:discover_packages(prefix_path) check parameters
[0.214s] Level 1:colcon.colcon_core.package_discovery:discover_packages(prefix_path) discover
[0.217s] DEBUG:colcon.colcon_installed_package_information.package_discovery:Found 2 installed packages in /home/ros2/Ros2Projects/oom_ws/install
[0.219s] DEBUG:colcon.colcon_installed_package_information.package_discovery:Found 409 installed packages in /opt/ros/foxy
[0.225s] Level 1:colcon.colcon_core.package_discovery:discover_packages(prefix_path) using defaults
[0.338s] Level 5:colcon.colcon_core.verb:set package 'custom_interface' build argument 'cmake_args' from command line to 'None'
[0.338s] Level 5:colcon.colcon_core.verb:set package 'custom_interface' build argument 'cmake_target' from command line to 'None'
[0.338s] Level 5:colcon.colcon_core.verb:set package 'custom_interface' build argument 'cmake_target_skip_unavailable' from command line to 'False'
[0.338s] Level 5:colcon.colcon_core.verb:set package 'custom_interface' build argument 'cmake_clean_cache' from command line to 'False'
[0.338s] Level 5:colcon.colcon_core.verb:set package 'custom_interface' build argument 'cmake_clean_first' from command line to 'False'
[0.338s] Level 5:colcon.colcon_core.verb:set package 'custom_interface' build argument 'cmake_force_configure' from command line to 'False'
[0.338s] Level 5:colcon.colcon_core.verb:set package 'custom_interface' build argument 'ament_cmake_args' from command line to 'None'
[0.338s] Level 5:colcon.colcon_core.verb:set package 'custom_interface' build argument 'catkin_cmake_args' from command line to 'None'
[0.338s] Level 5:colcon.colcon_core.verb:set package 'custom_interface' build argument 'catkin_skip_building_tests' from command line to 'False'
[0.338s] DEBUG:colcon.colcon_core.verb:Building package 'custom_interface' with the following arguments: {'ament_cmake_args': None, 'build_base': '/home/ros2/Ros2Projects/oom_ws/build/custom_interface', 'catkin_cmake_args': None, 'catkin_skip_building_tests': False, 'cmake_args': None, 'cmake_clean_cache': False, 'cmake_clean_first': False, 'cmake_force_configure': False, 'cmake_target': None, 'cmake_target_skip_unavailable': False, 'install_base': '/home/ros2/Ros2Projects/oom_ws/install/custom_interface', 'merge_install': False, 'path': '/home/ros2/Ros2Projects/oom_ws/src/custom_interface', 'symlink_install': False, 'test_result_base': None}
[0.338s] Level 5:colcon.colcon_core.verb:set package 'ros2_term_project' build argument 'cmake_args' from command line to 'None'
[0.338s] Level 5:colcon.colcon_core.verb:set package 'ros2_term_project' build argument 'cmake_target' from command line to 'None'
[0.338s] Level 5:colcon.colcon_core.verb:set package 'ros2_term_project' build argument 'cmake_target_skip_unavailable' from command line to 'False'
[0.338s] Level 5:colcon.colcon_core.verb:set package 'ros2_term_project' build argument 'cmake_clean_cache' from command line to 'False'
[0.338s] Level 5:colcon.colcon_core.verb:set package 'ros2_term_project' build argument 'cmake_clean_first' from command line to 'False'
[0.338s] Level 5:colcon.colcon_core.verb:set package 'ros2_term_project' build argument 'cmake_force_configure' from command line to 'False'
[0.338s] Level 5:colcon.colcon_core.verb:set package 'ros2_term_project' build argument 'ament_cmake_args' from command line to 'None'
[0.338s] Level 5:colcon.colcon_core.verb:set package 'ros2_term_project' build argument 'catkin_cmake_args' from command line to 'None'
[0.338s] Level 5:colcon.colcon_core.verb:set package 'ros2_term_project' build argument 'catkin_skip_building_tests' from command line to 'False'
[0.338s] DEBUG:colcon.colcon_core.verb:Building package 'ros2_term_project' with the following arguments: {'ament_cmake_args': None, 'build_base': '/home/ros2/Ros2Projects/oom_ws/build/ros2_term_project', 'catkin_cmake_args': None, 'catkin_skip_building_tests': False, 'cmake_args': None, 'cmake_clean_cache': False, 'cmake_clean_first': False, 'cmake_force_configure': False, 'cmake_target': None, 'cmake_target_skip_unavailable': False, 'install_base': '/home/ros2/Ros2Projects/oom_ws/install/ros2_term_project', 'merge_install': False, 'path': '/home/ros2/Ros2Projects/oom_ws/src/ros2_term_project', 'symlink_install': False, 'test_result_base': None}
[0.339s] INFO:colcon.colcon_core.executor:Executing jobs using 'parallel' executor
[0.341s] DEBUG:colcon.colcon_parallel_executor.executor.parallel:run_until_complete
[0.341s] INFO:colcon.colcon_ros.task.ament_cmake.build:Building ROS package in '/home/ros2/Ros2Projects/oom_ws/src/custom_interface' with build type 'ament_cmake'
[0.341s] INFO:colcon.colcon_cmake.task.cmake.build:Building CMake package in '/home/ros2/Ros2Projects/oom_ws/src/custom_interface'
[0.346s] INFO:colcon.colcon_core.plugin_system:Skipping extension 'colcon_core.shell.bat': Not used on non-Windows systems
[0.346s] INFO:colcon.colcon_core.shell:Skip shell extension 'powershell' for command environment: Not usable outside of PowerShell
[0.346s] DEBUG:colcon.colcon_core.shell:Skip shell extension 'dsv' for command environment
[0.351s] INFO:colcon.colcon_ros.task.ament_python.build:Building ROS package in '/home/ros2/Ros2Projects/oom_ws/src/ros2_term_project' with build type 'ament_python'
[0.351s] Level 1:colcon.colcon_core.shell:create_environment_hook('ros2_term_project', 'ament_prefix_path')
[0.352s] INFO:colcon.colcon_core.shell:Creating environment hook '/home/ros2/Ros2Projects/oom_ws/install/ros2_term_project/share/ros2_term_project/hook/ament_prefix_path.ps1'
[0.353s] INFO:colcon.colcon_core.shell:Creating environment descriptor '/home/ros2/Ros2Projects/oom_ws/install/ros2_term_project/share/ros2_term_project/hook/ament_prefix_path.dsv'
[0.353s] INFO:colcon.colcon_core.shell:Creating environment hook '/home/ros2/Ros2Projects/oom_ws/install/ros2_term_project/share/ros2_term_project/hook/ament_prefix_path.sh'
[0.355s] INFO:colcon.colcon_core.shell:Skip shell extension 'powershell' for command environment: Not usable outside of PowerShell
[0.355s] DEBUG:colcon.colcon_core.shell:Skip shell extension 'dsv' for command environment
[0.363s] DEBUG:colcon.colcon_core.event_handler.log_command:Invoking command in '/home/ros2/Ros2Projects/oom_ws/build/custom_interface': CMAKE_PREFIX_PATH=${CMAKE_PREFIX_PATH}:/home/ros2/Ros2Projects/oom_ws/install/ros2_term_project:/opt/ros/foxy /bin/cmake --build /home/ros2/Ros2Projects/oom_ws/build/custom_interface -- -j24 -l24
[0.487s] INFO:colcon.colcon_core.task.python.build:Building Python package in '/home/ros2/Ros2Projects/oom_ws/src/ros2_term_project'
[0.488s] INFO:colcon.colcon_core.shell:Skip shell extension 'powershell' for command environment: Not usable outside of PowerShell
[0.488s] DEBUG:colcon.colcon_core.shell:Skip shell extension 'dsv' for command environment
[0.552s] DEBUG:colcon.colcon_core.event_handler.log_command:Invoked command in '/home/ros2/Ros2Projects/oom_ws/build/custom_interface' returned '0': CMAKE_PREFIX_PATH=${CMAKE_PREFIX_PATH}:/home/ros2/Ros2Projects/oom_ws/install/ros2_term_project:/opt/ros/foxy /bin/cmake --build /home/ros2/Ros2Projects/oom_ws/build/custom_interface -- -j24 -l24
[0.585s] DEBUG:colcon.colcon_core.event_handler.log_command:Invoking command in '/home/ros2/Ros2Projects/oom_ws/build/custom_interface': CMAKE_PREFIX_PATH=${CMAKE_PREFIX_PATH}:/home/ros2/Ros2Projects/oom_ws/install/ros2_term_project:/opt/ros/foxy /bin/cmake --install /home/ros2/Ros2Projects/oom_ws/build/custom_interface
[0.623s] Level 1:colcon.colcon_core.environment:create_environment_scripts_only(custom_interface)
[0.623s] DEBUG:colcon.colcon_core.event_handler.log_command:Invoked command in '/home/ros2/Ros2Projects/oom_ws/build/custom_interface' returned '0': CMAKE_PREFIX_PATH=${CMAKE_PREFIX_PATH}:/home/ros2/Ros2Projects/oom_ws/install/ros2_term_project:/opt/ros/foxy /bin/cmake --install /home/ros2/Ros2Projects/oom_ws/build/custom_interface
[0.629s] Level 1:colcon.colcon_core.environment:checking '/home/ros2/Ros2Projects/oom_ws/install/custom_interface' for CMake module files
[0.630s] Level 1:colcon.colcon_core.environment:checking '/home/ros2/Ros2Projects/oom_ws/install/custom_interface' for CMake config files
[0.630s] Level 1:colcon.colcon_core.shell:create_environment_hook('custom_interface', 'cmake_prefix_path')
[0.631s] INFO:colcon.colcon_core.shell:Creating environment hook '/home/ros2/Ros2Projects/oom_ws/install/custom_interface/share/custom_interface/hook/cmake_prefix_path.ps1'
[0.631s] INFO:colcon.colcon_core.shell:Creating environment descriptor '/home/ros2/Ros2Projects/oom_ws/install/custom_interface/share/custom_interface/hook/cmake_prefix_path.dsv'
[0.631s] INFO:colcon.colcon_core.shell:Creating environment hook '/home/ros2/Ros2Projects/oom_ws/install/custom_interface/share/custom_interface/hook/cmake_prefix_path.sh'
[0.632s] Level 1:colcon.colcon_core.environment:checking '/home/ros2/Ros2Projects/oom_ws/install/custom_interface/lib'
[0.632s] Level 1:colcon.colcon_core.shell:create_environment_hook('custom_interface', 'ld_library_path_lib')
[0.633s] INFO:colcon.colcon_core.shell:Creating environment hook '/home/ros2/Ros2Projects/oom_ws/install/custom_interface/share/custom_interface/hook/ld_library_path_lib.ps1'
[0.633s] INFO:colcon.colcon_core.shell:Creating environment descriptor '/home/ros2/Ros2Projects/oom_ws/install/custom_interface/share/custom_interface/hook/ld_library_path_lib.dsv'
[0.633s] INFO:colcon.colcon_core.shell:Creating environment hook '/home/ros2/Ros2Projects/oom_ws/install/custom_interface/share/custom_interface/hook/ld_library_path_lib.sh'
[0.633s] Level 1:colcon.colcon_core.environment:checking '/home/ros2/Ros2Projects/oom_ws/install/custom_interface/bin'
[0.633s] Level 1:colcon.colcon_core.environment:checking '/home/ros2/Ros2Projects/oom_ws/install/custom_interface/lib/pkgconfig/custom_interface.pc'
[0.633s] Level 1:colcon.colcon_core.environment:checking '/home/ros2/Ros2Projects/oom_ws/install/custom_interface/lib/python3.8/site-packages'
[0.633s] Level 1:colcon.colcon_core.shell:create_environment_hook('custom_interface', 'pythonpath')
[0.634s] INFO:colcon.colcon_core.shell:Creating environment hook '/home/ros2/Ros2Projects/oom_ws/install/custom_interface/share/custom_interface/hook/pythonpath.ps1'
[0.634s] INFO:colcon.colcon_core.shell:Creating environment descriptor '/home/ros2/Ros2Projects/oom_ws/install/custom_interface/share/custom_interface/hook/pythonpath.dsv'
[0.634s] INFO:colcon.colcon_core.shell:Creating environment hook '/home/ros2/Ros2Projects/oom_ws/install/custom_interface/share/custom_interface/hook/pythonpath.sh'
[0.635s] Level 1:colcon.colcon_core.environment:checking '/home/ros2/Ros2Projects/oom_ws/install/custom_interface/bin'
[0.635s] INFO:colcon.colcon_core.shell:Creating package script '/home/ros2/Ros2Projects/oom_ws/install/custom_interface/share/custom_interface/package.ps1'
[0.636s] INFO:colcon.colcon_core.shell:Creating package descriptor '/home/ros2/Ros2Projects/oom_ws/install/custom_interface/share/custom_interface/package.dsv'
[0.637s] INFO:colcon.colcon_core.shell:Creating package script '/home/ros2/Ros2Projects/oom_ws/install/custom_interface/share/custom_interface/package.sh'
[0.638s] INFO:colcon.colcon_core.shell:Creating package script '/home/ros2/Ros2Projects/oom_ws/install/custom_interface/share/custom_interface/package.bash'
[0.638s] INFO:colcon.colcon_core.shell:Creating package script '/home/ros2/Ros2Projects/oom_ws/install/custom_interface/share/custom_interface/package.zsh'
[0.639s] Level 1:colcon.colcon_core.environment:create_file_with_runtime_dependencies(/home/ros2/Ros2Projects/oom_ws/install/custom_interface/share/colcon-core/packages/custom_interface)
[0.667s] Level 1:colcon.colcon_core.environment:create_environment_scripts_only(custom_interface)
[0.668s] Level 1:colcon.colcon_core.environment:checking '/home/ros2/Ros2Projects/oom_ws/install/custom_interface' for CMake module files
[0.669s] Level 1:colcon.colcon_core.environment:checking '/home/ros2/Ros2Projects/oom_ws/install/custom_interface' for CMake config files
[0.669s] Level 1:colcon.colcon_core.shell:create_environment_hook('custom_interface', 'cmake_prefix_path')
[0.670s] INFO:colcon.colcon_core.shell:Creating environment hook '/home/ros2/Ros2Projects/oom_ws/install/custom_interface/share/custom_interface/hook/cmake_prefix_path.ps1'
[0.670s] INFO:colcon.colcon_core.shell:Creating environment descriptor '/home/ros2/Ros2Projects/oom_ws/install/custom_interface/share/custom_interface/hook/cmake_prefix_path.dsv'
[0.670s] INFO:colcon.colcon_core.shell:Creating environment hook '/home/ros2/Ros2Projects/oom_ws/install/custom_interface/share/custom_interface/hook/cmake_prefix_path.sh'
[0.670s] Level 1:colcon.colcon_core.environment:checking '/home/ros2/Ros2Projects/oom_ws/install/custom_interface/lib'
[0.670s] Level 1:colcon.colcon_core.shell:create_environment_hook('custom_interface', 'ld_library_path_lib')
[0.671s] INFO:colcon.colcon_core.shell:Creating environment hook '/home/ros2/Ros2Projects/oom_ws/install/custom_interface/share/custom_interface/hook/ld_library_path_lib.ps1'
[0.671s] INFO:colcon.colcon_core.shell:Creating environment descriptor '/home/ros2/Ros2Projects/oom_ws/install/custom_interface/share/custom_interface/hook/ld_library_path_lib.dsv'
[0.672s] INFO:colcon.colcon_core.shell:Creating environment hook '/home/ros2/Ros2Projects/oom_ws/install/custom_interface/share/custom_interface/hook/ld_library_path_lib.sh'
[0.672s] Level 1:colcon.colcon_core.environment:checking '/home/ros2/Ros2Projects/oom_ws/install/custom_interface/bin'
[0.672s] Level 1:colcon.colcon_core.environment:checking '/home/ros2/Ros2Projects/oom_ws/install/custom_interface/lib/pkgconfig/custom_interface.pc'
[0.672s] Level 1:colcon.colcon_core.environment:checking '/home/ros2/Ros2Projects/oom_ws/install/custom_interface/lib/python3.8/site-packages'
[0.672s] Level 1:colcon.colcon_core.shell:create_environment_hook('custom_interface', 'pythonpath')
[0.673s] INFO:colcon.colcon_core.shell:Creating environment hook '/home/ros2/Ros2Projects/oom_ws/install/custom_interface/share/custom_interface/hook/pythonpath.ps1'
[0.673s] INFO:colcon.colcon_core.shell:Creating environment descriptor '/home/ros2/Ros2Projects/oom_ws/install/custom_interface/share/custom_interface/hook/pythonpath.dsv'
[0.673s] INFO:colcon.colcon_core.shell:Creating environment hook '/home/ros2/Ros2Projects/oom_ws/install/custom_interface/share/custom_interface/hook/pythonpath.sh'
[0.673s] Level 1:colcon.colcon_core.environment:checking '/home/ros2/Ros2Projects/oom_ws/install/custom_interface/bin'
[0.674s] INFO:colcon.colcon_core.shell:Creating package script '/home/ros2/Ros2Projects/oom_ws/install/custom_interface/share/custom_interface/package.ps1'
[0.674s] INFO:colcon.colcon_core.shell:Creating package descriptor '/home/ros2/Ros2Projects/oom_ws/install/custom_interface/share/custom_interface/package.dsv'
[0.675s] INFO:colcon.colcon_core.shell:Creating package script '/home/ros2/Ros2Projects/oom_ws/install/custom_interface/share/custom_interface/package.sh'
[0.675s] INFO:colcon.colcon_core.shell:Creating package script '/home/ros2/Ros2Projects/oom_ws/install/custom_interface/share/custom_interface/package.bash'
[0.675s] INFO:colcon.colcon_core.shell:Creating package script '/home/ros2/Ros2Projects/oom_ws/install/custom_interface/share/custom_interface/package.zsh'
[0.675s] Level 1:colcon.colcon_core.environment:create_file_with_runtime_dependencies(/home/ros2/Ros2Projects/oom_ws/install/custom_interface/share/colcon-core/packages/custom_interface)
[0.743s] DEBUG:colcon.colcon_core.event_handler.log_command:Invoking command in '/home/ros2/Ros2Projects/oom_ws/src/ros2_term_project': PYTHONPATH=/home/ros2/Ros2Projects/oom_ws/install/ros2_term_project/lib/python3.8/site-packages:${PYTHONPATH} /usr/bin/python3 setup.py egg_info --egg-base ../../build/ros2_term_project build --build-base /home/ros2/Ros2Projects/oom_ws/build/ros2_term_project/build install --prefix /home/ros2/Ros2Projects/oom_ws/install/ros2_term_project --record /home/ros2/Ros2Projects/oom_ws/build/ros2_term_project/install.log --single-version-externally-managed
[0.900s] Level 1:colcon.colcon_core.environment:checking '/home/ros2/Ros2Projects/oom_ws/install/ros2_term_project' for CMake module files
[0.900s] DEBUG:colcon.colcon_core.event_handler.log_command:Invoked command in '/home/ros2/Ros2Projects/oom_ws/src/ros2_term_project' returned '0': PYTHONPATH=/home/ros2/Ros2Projects/oom_ws/install/ros2_term_project/lib/python3.8/site-packages:${PYTHONPATH} /usr/bin/python3 setup.py egg_info --egg-base ../../build/ros2_term_project build --build-base /home/ros2/Ros2Projects/oom_ws/build/ros2_term_project/build install --prefix /home/ros2/Ros2Projects/oom_ws/install/ros2_term_project --record /home/ros2/Ros2Projects/oom_ws/build/ros2_term_project/install.log --single-version-externally-managed
[0.901s] Level 1:colcon.colcon_core.environment:checking '/home/ros2/Ros2Projects/oom_ws/install/ros2_term_project' for CMake config files
[0.902s] Level 1:colcon.colcon_core.environment:checking '/home/ros2/Ros2Projects/oom_ws/install/ros2_term_project/lib'
[0.902s] Level 1:colcon.colcon_core.environment:checking '/home/ros2/Ros2Projects/oom_ws/install/ros2_term_project/bin'
[0.902s] Level 1:colcon.colcon_core.environment:checking '/home/ros2/Ros2Projects/oom_ws/install/ros2_term_project/lib/pkgconfig/ros2_term_project.pc'
[0.903s] Level 1:colcon.colcon_core.environment:checking '/home/ros2/Ros2Projects/oom_ws/install/ros2_term_project/lib/python3.8/site-packages'
[0.903s] Level 1:colcon.colcon_core.shell:create_environment_hook('ros2_term_project', 'pythonpath')
[0.903s] INFO:colcon.colcon_core.shell:Creating environment hook '/home/ros2/Ros2Projects/oom_ws/install/ros2_term_project/share/ros2_term_project/hook/pythonpath.ps1'
[0.904s] INFO:colcon.colcon_core.shell:Creating environment descriptor '/home/ros2/Ros2Projects/oom_ws/install/ros2_term_project/share/ros2_term_project/hook/pythonpath.dsv'
[0.904s] INFO:colcon.colcon_core.shell:Creating environment hook '/home/ros2/Ros2Projects/oom_ws/install/ros2_term_project/share/ros2_term_project/hook/pythonpath.sh'
[0.904s] Level 1:colcon.colcon_core.environment:checking '/home/ros2/Ros2Projects/oom_ws/install/ros2_term_project/bin'
[0.904s] Level 1:colcon.colcon_core.environment:create_environment_scripts_only(ros2_term_project)
[0.905s] INFO:colcon.colcon_core.shell:Creating package script '/home/ros2/Ros2Projects/oom_ws/install/ros2_term_project/share/ros2_term_project/package.ps1'
[0.905s] INFO:colcon.colcon_core.shell:Creating package descriptor '/home/ros2/Ros2Projects/oom_ws/install/ros2_term_project/share/ros2_term_project/package.dsv'
[0.905s] INFO:colcon.colcon_core.shell:Creating package script '/home/ros2/Ros2Projects/oom_ws/install/ros2_term_project/share/ros2_term_project/package.sh'
[0.906s] INFO:colcon.colcon_core.shell:Creating package script '/home/ros2/Ros2Projects/oom_ws/install/ros2_term_project/share/ros2_term_project/package.bash'
[0.906s] INFO:colcon.colcon_core.shell:Creating package script '/home/ros2/Ros2Projects/oom_ws/install/ros2_term_project/share/ros2_term_project/package.zsh'
[0.906s] Level 1:colcon.colcon_core.environment:create_file_with_runtime_dependencies(/home/ros2/Ros2Projects/oom_ws/install/ros2_term_project/share/colcon-core/packages/ros2_term_project)
[0.906s] DEBUG:colcon.colcon_parallel_executor.executor.parallel:closing loop
[0.906s] DEBUG:colcon.colcon_parallel_executor.executor.parallel:loop closed
[0.906s] DEBUG:colcon.colcon_parallel_executor.executor.parallel:run_until_complete finished with '0'
[0.906s] DEBUG:colcon.colcon_core.event_reactor:joining thread
[0.915s] INFO:colcon.colcon_core.plugin_system:Skipping extension 'colcon_notification.desktop_notification.notify_send': Could not find 'notify-send'
[0.915s] INFO:colcon.colcon_core.plugin_system:Skipping extension 'colcon_notification.desktop_notification.terminal_notifier': Not used on non-Darwin systems
[0.915s] INFO:colcon.colcon_core.plugin_system:Skipping extension 'colcon_notification.desktop_notification.win32': Not used on non-Windows systems
[0.915s] INFO:colcon.colcon_notification.desktop_notification:Sending desktop notification using 'notify2'
[1.014s] DEBUG:colcon.colcon_core.event_reactor:joined thread
[1.015s] INFO:colcon.colcon_core.shell:Creating prefix script '/home/ros2/Ros2Projects/oom_ws/install/local_setup.ps1'
[1.016s] INFO:colcon.colcon_core.shell:Creating prefix util module '/home/ros2/Ros2Projects/oom_ws/install/_local_setup_util_ps1.py'
[1.017s] INFO:colcon.colcon_core.shell:Creating prefix chain script '/home/ros2/Ros2Projects/oom_ws/install/setup.ps1'
[1.018s] INFO:colcon.colcon_core.shell:Creating prefix script '/home/ros2/Ros2Projects/oom_ws/install/local_setup.sh'
[1.019s] INFO:colcon.colcon_core.shell:Creating prefix util module '/home/ros2/Ros2Projects/oom_ws/install/_local_setup_util_sh.py'
[1.019s] INFO:colcon.colcon_core.shell:Creating prefix chain script '/home/ros2/Ros2Projects/oom_ws/install/setup.sh'
[1.020s] INFO:colcon.colcon_core.shell:Creating prefix script '/home/ros2/Ros2Projects/oom_ws/install/local_setup.bash'
[1.020s] INFO:colcon.colcon_core.shell:Creating prefix chain script '/home/ros2/Ros2Projects/oom_ws/install/setup.bash'
[1.022s] INFO:colcon.colcon_core.shell:Creating prefix script '/home/ros2/Ros2Projects/oom_ws/install/local_setup.zsh'
[1.022s] INFO:colcon.colcon_core.shell:Creating prefix chain script '/home/ros2/Ros2Projects/oom_ws/install/setup.zsh'
