-- Found ament_cmake: 0.9.9 (/opt/ros/foxy/share/ament_cmake/cmake)
-- Found PythonInterp: /bin/python3 (found suitable version "3.8.10", minimum required is "3") 
-- Using PYTHON_EXECUTABLE: /bin/python3
-- Found std_msgs: 2.0.5 (/opt/ros/foxy/share/std_msgs/cmake)
-- Using all available rosidl_typesupport_c: rosidl_typesupport_fastrtps_c;rosidl_typesupport_introspection_c
-- Found rosidl_adapter: 1.2.1 (/opt/ros/foxy/share/rosidl_adapter/cmake)
-- Using all available rosidl_typesupport_cpp: rosidl_typesupport_fastrtps_cpp;rosidl_typesupport_introspection_cpp
-- Found rosidl_default_generators: 1.0.1 (/opt/ros/foxy/share/rosidl_default_generators/cmake)
-- Found PythonInterp: /bin/python3 (found version "3.8.10") 
-- Found ament_cmake_ros: 0.9.2 (/opt/ros/foxy/share/ament_cmake_ros/cmake)
-- Using all available rosidl_typesupport_c: rosidl_typesupport_fastrtps_c;rosidl_typesupport_introspection_c
-- Using all available rosidl_typesupport_cpp: rosidl_typesupport_fastrtps_cpp;rosidl_typesupport_introspection_cpp
-- Found PythonInterp: /bin/python3 (found suitable version "3.8.10", minimum required is "3.5") 
-- Found python_cmake_module: 0.8.1 (/opt/ros/foxy/share/python_cmake_module/cmake)
-- Using PYTHON_EXECUTABLE: /bin/python3
-- Using PYTHON_INCLUDE_DIRS: /usr/include/python3.8
-- Using PYTHON_LIBRARIES: /usr/lib/x86_64-linux-gnu/libpython3.8.so
-- Found ament_lint_auto: 0.9.6 (/opt/ros/foxy/share/ament_lint_auto/cmake)
-- Added test 'copyright' to check source files copyright and LICENSE
-- Added test 'lint_cmake' to check CMake code style
-- Added test 'xmllint' to check XML markup files
-- Configuring done
-- Generating done
-- Build files have been written to: /home/ros2/Ros2Projects/oom_ws/build/custom_interface
[35m[1mScanning dependencies of target custom_interface__rosidl_generator_c[0m
[  3%] Built target custom_interface__cpp
[  6%] [32mBuilding C object CMakeFiles/custom_interface__rosidl_generator_c.dir/rosidl_generator_c/custom_interface/msg/detail/start_car__functions.c.o[0m
[35m[1mScanning dependencies of target custom_interface__rosidl_typesupport_introspection_cpp[0m
[35m[1mScanning dependencies of target custom_interface__rosidl_typesupport_cpp[0m
[35m[1mScanning dependencies of target custom_interface__rosidl_typesupport_fastrtps_cpp[0m
[  9%] [32mBuilding CXX object CMakeFiles/custom_interface__rosidl_typesupport_cpp.dir/rosidl_typesupport_cpp/custom_interface/msg/start_car__type_support.cpp.o[0m
[ 12%] [32mBuilding CXX object CMakeFiles/custom_interface__rosidl_typesupport_introspection_cpp.dir/rosidl_typesupport_introspection_cpp/custom_interface/msg/detail/start_car__type_support.cpp.o[0m
[ 16%] [32mBuilding CXX object CMakeFiles/custom_interface__rosidl_typesupport_fastrtps_cpp.dir/rosidl_typesupport_fastrtps_cpp/custom_interface/msg/detail/dds_fastrtps/start_car__type_support.cpp.o[0m
[ 19%] [32m[1mLinking C shared library libcustom_interface__rosidl_generator_c.so[0m
[ 22%] Built target custom_interface__rosidl_generator_c
[35m[1mScanning dependencies of target custom_interface__rosidl_typesupport_c[0m
[35m[1mScanning dependencies of target custom_interface__rosidl_typesupport_introspection_c[0m
[ 29%] [32mBuilding CXX object CMakeFiles/custom_interface__rosidl_typesupport_c.dir/rosidl_typesupport_c/custom_interface/msg/start_car__type_support.cpp.o[0m
[ 29%] [32mBuilding C object CMakeFiles/custom_interface__rosidl_typesupport_introspection_c.dir/rosidl_typesupport_introspection_c/custom_interface/msg/detail/start_car__type_support.c.o[0m
[ 32%] [32m[1mLinking C shared library libcustom_interface__rosidl_typesupport_introspection_c.so[0m
[ 35%] [32m[1mLinking CXX shared library libcustom_interface__rosidl_typesupport_c.so[0m
[ 38%] Built target custom_interface__rosidl_typesupport_introspection_c
[ 41%] Built target custom_interface__rosidl_typesupport_c
[ 45%] [32m[1mLinking CXX shared library libcustom_interface__rosidl_typesupport_cpp.so[0m
[ 48%] [32m[1mLinking CXX shared library libcustom_interface__rosidl_typesupport_introspection_cpp.so[0m
[ 51%] Built target custom_interface__rosidl_typesupport_cpp
[ 54%] Built target custom_interface__rosidl_typesupport_introspection_cpp
[ 58%] [32m[1mLinking CXX shared library libcustom_interface__rosidl_typesupport_fastrtps_cpp.so[0m
[ 61%] Built target custom_interface__rosidl_typesupport_fastrtps_cpp
[35m[1mScanning dependencies of target custom_interface__rosidl_typesupport_fastrtps_c[0m
[ 64%] [32mBuilding CXX object CMakeFiles/custom_interface__rosidl_typesupport_fastrtps_c.dir/rosidl_typesupport_fastrtps_c/custom_interface/msg/detail/start_car__type_support_c.cpp.o[0m
[ 67%] [32m[1mLinking CXX shared library libcustom_interface__rosidl_typesupport_fastrtps_c.so[0m
[ 70%] Built target custom_interface__rosidl_typesupport_fastrtps_c
[ 70%] Built target custom_interface
[ 74%] Built target custom_interface__py
[35m[1mScanning dependencies of target custom_interface__python[0m
[ 77%] [32mBuilding C object CMakeFiles/custom_interface__python.dir/rosidl_generator_py/custom_interface/msg/_start_car_s.c.o[0m
[ 80%] [32m[1mLinking C shared library rosidl_generator_py/custom_interface/libcustom_interface__python.so[0m
[ 80%] Built target custom_interface__python
[35m[1mScanning dependencies of target custom_interface__rosidl_typesupport_introspection_c__pyext[0m
[35m[1mScanning dependencies of target custom_interface__rosidl_typesupport_fastrtps_c__pyext[0m
[35m[1mScanning dependencies of target custom_interface__rosidl_typesupport_c__pyext[0m
[ 87%] [32mBuilding C object CMakeFiles/custom_interface__rosidl_typesupport_c__pyext.dir/rosidl_generator_py/custom_interface/_custom_interface_s.ep.rosidl_typesupport_c.c.o[0m
[ 87%] [32mBuilding C object CMakeFiles/custom_interface__rosidl_typesupport_introspection_c__pyext.dir/rosidl_generator_py/custom_interface/_custom_interface_s.ep.rosidl_typesupport_introspection_c.c.o[0m
[ 90%] [32mBuilding C object CMakeFiles/custom_interface__rosidl_typesupport_fastrtps_c__pyext.dir/rosidl_generator_py/custom_interface/_custom_interface_s.ep.rosidl_typesupport_fastrtps_c.c.o[0m
[100%] [32m[1mLinking CXX shared library rosidl_generator_py/custom_interface/custom_interface_s__rosidl_typesupport_fastrtps_c.cpython-38-x86_64-linux-gnu.so[0m
[100%] [32m[1mLinking C shared library rosidl_generator_py/custom_interface/custom_interface_s__rosidl_typesupport_c.cpython-38-x86_64-linux-gnu.so[0m
[100%] [32m[1mLinking C shared library rosidl_generator_py/custom_interface/custom_interface_s__rosidl_typesupport_introspection_c.cpython-38-x86_64-linux-gnu.so[0m
[100%] Built target custom_interface__rosidl_typesupport_introspection_c__pyext
[100%] Built target custom_interface__rosidl_typesupport_c__pyext
[100%] Built target custom_interface__rosidl_typesupport_fastrtps_c__pyext
-- Install configuration: ""
-- Up-to-date: /home/ros2/Ros2Projects/oom_ws/install/custom_interface/share/ament_index/resource_index/rosidl_interfaces/custom_interface
-- Up-to-date: /home/ros2/Ros2Projects/oom_ws/install/custom_interface/include/custom_interface
-- Up-to-date: /home/ros2/Ros2Projects/oom_ws/install/custom_interface/include/custom_interface/msg
-- Up-to-date: /home/ros2/Ros2Projects/oom_ws/install/custom_interface/include/custom_interface/msg/rosidl_generator_c__visibility_control.h
-- Up-to-date: /home/ros2/Ros2Projects/oom_ws/install/custom_interface/include/custom_interface/msg/detail
-- Up-to-date: /home/ros2/Ros2Projects/oom_ws/install/custom_interface/include/custom_interface/msg/detail/start_car__functions.h
-- Up-to-date: /home/ros2/Ros2Projects/oom_ws/install/custom_interface/include/custom_interface/msg/detail/start_car__functions.c
-- Up-to-date: /home/ros2/Ros2Projects/oom_ws/install/custom_interface/include/custom_interface/msg/detail/start_car__struct.h
-- Up-to-date: /home/ros2/Ros2Projects/oom_ws/install/custom_interface/include/custom_interface/msg/detail/start_car__type_support.h
-- Up-to-date: /home/ros2/Ros2Projects/oom_ws/install/custom_interface/include/custom_interface/msg/start_car.h
-- Installing: /home/ros2/Ros2Projects/oom_ws/install/custom_interface/share/custom_interface/environment/library_path.sh
-- Installing: /home/ros2/Ros2Projects/oom_ws/install/custom_interface/share/custom_interface/environment/library_path.dsv
-- Installing: /home/ros2/Ros2Projects/oom_ws/install/custom_interface/lib/libcustom_interface__rosidl_generator_c.so
-- Set runtime path of "/home/ros2/Ros2Projects/oom_ws/install/custom_interface/lib/libcustom_interface__rosidl_generator_c.so" to ""
-- Up-to-date: /home/ros2/Ros2Projects/oom_ws/install/custom_interface/include/custom_interface
-- Up-to-date: /home/ros2/Ros2Projects/oom_ws/install/custom_interface/include/custom_interface/msg
-- Up-to-date: /home/ros2/Ros2Projects/oom_ws/install/custom_interface/include/custom_interface/msg/rosidl_typesupport_fastrtps_c__visibility_control.h
-- Up-to-date: /home/ros2/Ros2Projects/oom_ws/install/custom_interface/include/custom_interface/msg/detail
-- Up-to-date: /home/ros2/Ros2Projects/oom_ws/install/custom_interface/include/custom_interface/msg/detail/start_car__rosidl_typesupport_fastrtps_c.h
-- Installing: /home/ros2/Ros2Projects/oom_ws/install/custom_interface/lib/libcustom_interface__rosidl_typesupport_fastrtps_c.so
-- Set runtime path of "/home/ros2/Ros2Projects/oom_ws/install/custom_interface/lib/libcustom_interface__rosidl_typesupport_fastrtps_c.so" to ""
-- Up-to-date: /home/ros2/Ros2Projects/oom_ws/install/custom_interface/include/custom_interface
-- Up-to-date: /home/ros2/Ros2Projects/oom_ws/install/custom_interface/include/custom_interface/msg
-- Up-to-date: /home/ros2/Ros2Projects/oom_ws/install/custom_interface/include/custom_interface/msg/rosidl_typesupport_fastrtps_cpp__visibility_control.h
-- Up-to-date: /home/ros2/Ros2Projects/oom_ws/install/custom_interface/include/custom_interface/msg/detail
-- Up-to-date: /home/ros2/Ros2Projects/oom_ws/install/custom_interface/include/custom_interface/msg/detail/start_car__rosidl_typesupport_fastrtps_cpp.hpp
-- Installing: /home/ros2/Ros2Projects/oom_ws/install/custom_interface/include/custom_interface/msg/detail/dds_fastrtps
-- Installing: /home/ros2/Ros2Projects/oom_ws/install/custom_interface/lib/libcustom_interface__rosidl_typesupport_fastrtps_cpp.so
-- Set runtime path of "/home/ros2/Ros2Projects/oom_ws/install/custom_interface/lib/libcustom_interface__rosidl_typesupport_fastrtps_cpp.so" to ""
-- Up-to-date: /home/ros2/Ros2Projects/oom_ws/install/custom_interface/include/custom_interface
-- Up-to-date: /home/ros2/Ros2Projects/oom_ws/install/custom_interface/include/custom_interface/msg
-- Up-to-date: /home/ros2/Ros2Projects/oom_ws/install/custom_interface/include/custom_interface/msg/rosidl_typesupport_introspection_c__visibility_control.h
-- Up-to-date: /home/ros2/Ros2Projects/oom_ws/install/custom_interface/include/custom_interface/msg/detail
-- Up-to-date: /home/ros2/Ros2Projects/oom_ws/install/custom_interface/include/custom_interface/msg/detail/start_car__rosidl_typesupport_introspection_c.h
-- Up-to-date: /home/ros2/Ros2Projects/oom_ws/install/custom_interface/include/custom_interface/msg/detail/start_car__type_support.c
-- Installing: /home/ros2/Ros2Projects/oom_ws/install/custom_interface/lib/libcustom_interface__rosidl_typesupport_introspection_c.so
-- Set runtime path of "/home/ros2/Ros2Projects/oom_ws/install/custom_interface/lib/libcustom_interface__rosidl_typesupport_introspection_c.so" to ""
-- Installing: /home/ros2/Ros2Projects/oom_ws/install/custom_interface/lib/libcustom_interface__rosidl_typesupport_c.so
-- Set runtime path of "/home/ros2/Ros2Projects/oom_ws/install/custom_interface/lib/libcustom_interface__rosidl_typesupport_c.so" to ""
-- Up-to-date: /home/ros2/Ros2Projects/oom_ws/install/custom_interface/include/custom_interface
-- Up-to-date: /home/ros2/Ros2Projects/oom_ws/install/custom_interface/include/custom_interface/msg
-- Up-to-date: /home/ros2/Ros2Projects/oom_ws/install/custom_interface/include/custom_interface/msg/start_car.hpp
-- Up-to-date: /home/ros2/Ros2Projects/oom_ws/install/custom_interface/include/custom_interface/msg/detail
-- Up-to-date: /home/ros2/Ros2Projects/oom_ws/install/custom_interface/include/custom_interface/msg/detail/start_car__struct.hpp
-- Up-to-date: /home/ros2/Ros2Projects/oom_ws/install/custom_interface/include/custom_interface/msg/detail/start_car__traits.hpp
-- Up-to-date: /home/ros2/Ros2Projects/oom_ws/install/custom_interface/include/custom_interface/msg/detail/start_car__builder.hpp
-- Up-to-date: /home/ros2/Ros2Projects/oom_ws/install/custom_interface/include/custom_interface
-- Up-to-date: /home/ros2/Ros2Projects/oom_ws/install/custom_interface/include/custom_interface/msg
-- Up-to-date: /home/ros2/Ros2Projects/oom_ws/install/custom_interface/include/custom_interface/msg/detail
-- Up-to-date: /home/ros2/Ros2Projects/oom_ws/install/custom_interface/include/custom_interface/msg/detail/start_car__rosidl_typesupport_introspection_cpp.hpp
-- Up-to-date: /home/ros2/Ros2Projects/oom_ws/install/custom_interface/include/custom_interface/msg/detail/start_car__type_support.cpp
-- Installing: /home/ros2/Ros2Projects/oom_ws/install/custom_interface/lib/libcustom_interface__rosidl_typesupport_introspection_cpp.so
-- Set runtime path of "/home/ros2/Ros2Projects/oom_ws/install/custom_interface/lib/libcustom_interface__rosidl_typesupport_introspection_cpp.so" to ""
-- Installing: /home/ros2/Ros2Projects/oom_ws/install/custom_interface/lib/libcustom_interface__rosidl_typesupport_cpp.so
-- Set runtime path of "/home/ros2/Ros2Projects/oom_ws/install/custom_interface/lib/libcustom_interface__rosidl_typesupport_cpp.so" to ""
-- Up-to-date: /home/ros2/Ros2Projects/oom_ws/install/custom_interface/share/custom_interface/environment/pythonpath.sh
-- Installing: /home/ros2/Ros2Projects/oom_ws/install/custom_interface/share/custom_interface/environment/pythonpath.dsv
-- Installing: /home/ros2/Ros2Projects/oom_ws/install/custom_interface/lib/python3.8/site-packages/custom_interface/__init__.py
Compiling '/home/ros2/Ros2Projects/oom_ws/install/custom_interface/lib/python3.8/site-packages/custom_interface/__init__.py'...
-- Up-to-date: /home/ros2/Ros2Projects/oom_ws/install/custom_interface/lib/python3.8/site-packages/custom_interface/msg
-- Up-to-date: /home/ros2/Ros2Projects/oom_ws/install/custom_interface/lib/python3.8/site-packages/custom_interface/msg/__init__.py
-- Up-to-date: /home/ros2/Ros2Projects/oom_ws/install/custom_interface/lib/python3.8/site-packages/custom_interface/msg/_start_car_s.c
-- Up-to-date: /home/ros2/Ros2Projects/oom_ws/install/custom_interface/lib/python3.8/site-packages/custom_interface/msg/_start_car.py
-- Installing: /home/ros2/Ros2Projects/oom_ws/install/custom_interface/lib/python3.8/site-packages/custom_interface/custom_interface_s__rosidl_typesupport_fastrtps_c.cpython-38-x86_64-linux-gnu.so
-- Set runtime path of "/home/ros2/Ros2Projects/oom_ws/install/custom_interface/lib/python3.8/site-packages/custom_interface/custom_interface_s__rosidl_typesupport_fastrtps_c.cpython-38-x86_64-linux-gnu.so" to ""
-- Installing: /home/ros2/Ros2Projects/oom_ws/install/custom_interface/lib/python3.8/site-packages/custom_interface/custom_interface_s__rosidl_typesupport_introspection_c.cpython-38-x86_64-linux-gnu.so
-- Set runtime path of "/home/ros2/Ros2Projects/oom_ws/install/custom_interface/lib/python3.8/site-packages/custom_interface/custom_interface_s__rosidl_typesupport_introspection_c.cpython-38-x86_64-linux-gnu.so" to ""
-- Installing: /home/ros2/Ros2Projects/oom_ws/install/custom_interface/lib/python3.8/site-packages/custom_interface/custom_interface_s__rosidl_typesupport_c.cpython-38-x86_64-linux-gnu.so
-- Set runtime path of "/home/ros2/Ros2Projects/oom_ws/install/custom_interface/lib/python3.8/site-packages/custom_interface/custom_interface_s__rosidl_typesupport_c.cpython-38-x86_64-linux-gnu.so" to ""
-- Installing: /home/ros2/Ros2Projects/oom_ws/install/custom_interface/lib/libcustom_interface__python.so
-- Set runtime path of "/home/ros2/Ros2Projects/oom_ws/install/custom_interface/lib/libcustom_interface__python.so" to ""
-- Up-to-date: /home/ros2/Ros2Projects/oom_ws/install/custom_interface/share/custom_interface/msg/StartCar.idl
-- Up-to-date: /home/ros2/Ros2Projects/oom_ws/install/custom_interface/share/custom_interface/msg/StartCar.msg
-- Up-to-date: /home/ros2/Ros2Projects/oom_ws/install/custom_interface/share/ament_index/resource_index/package_run_dependencies/custom_interface
-- Up-to-date: /home/ros2/Ros2Projects/oom_ws/install/custom_interface/share/ament_index/resource_index/parent_prefix_path/custom_interface
-- Installing: /home/ros2/Ros2Projects/oom_ws/install/custom_interface/share/custom_interface/environment/ament_prefix_path.sh
-- Installing: /home/ros2/Ros2Projects/oom_ws/install/custom_interface/share/custom_interface/environment/ament_prefix_path.dsv
-- Installing: /home/ros2/Ros2Projects/oom_ws/install/custom_interface/share/custom_interface/environment/path.sh
-- Installing: /home/ros2/Ros2Projects/oom_ws/install/custom_interface/share/custom_interface/environment/path.dsv
-- Up-to-date: /home/ros2/Ros2Projects/oom_ws/install/custom_interface/share/custom_interface/local_setup.bash
-- Up-to-date: /home/ros2/Ros2Projects/oom_ws/install/custom_interface/share/custom_interface/local_setup.sh
-- Up-to-date: /home/ros2/Ros2Projects/oom_ws/install/custom_interface/share/custom_interface/local_setup.zsh
-- Installing: /home/ros2/Ros2Projects/oom_ws/install/custom_interface/share/custom_interface/local_setup.dsv
-- Installing: /home/ros2/Ros2Projects/oom_ws/install/custom_interface/share/custom_interface/package.dsv
-- Up-to-date: /home/ros2/Ros2Projects/oom_ws/install/custom_interface/share/ament_index/resource_index/packages/custom_interface
-- Up-to-date: /home/ros2/Ros2Projects/oom_ws/install/custom_interface/share/custom_interface/cmake/custom_interface__rosidl_generator_cExport.cmake
-- Installing: /home/ros2/Ros2Projects/oom_ws/install/custom_interface/share/custom_interface/cmake/custom_interface__rosidl_generator_cExport-noconfig.cmake
-- Up-to-date: /home/ros2/Ros2Projects/oom_ws/install/custom_interface/share/custom_interface/cmake/custom_interface__rosidl_typesupport_introspection_cExport.cmake
-- Installing: /home/ros2/Ros2Projects/oom_ws/install/custom_interface/share/custom_interface/cmake/custom_interface__rosidl_typesupport_introspection_cExport-noconfig.cmake
-- Up-to-date: /home/ros2/Ros2Projects/oom_ws/install/custom_interface/share/custom_interface/cmake/custom_interface__rosidl_typesupport_cExport.cmake
-- Installing: /home/ros2/Ros2Projects/oom_ws/install/custom_interface/share/custom_interface/cmake/custom_interface__rosidl_typesupport_cExport-noconfig.cmake
-- Up-to-date: /home/ros2/Ros2Projects/oom_ws/install/custom_interface/share/custom_interface/cmake/custom_interface__rosidl_generator_cppExport.cmake
-- Up-to-date: /home/ros2/Ros2Projects/oom_ws/install/custom_interface/share/custom_interface/cmake/custom_interface__rosidl_typesupport_introspection_cppExport.cmake
-- Installing: /home/ros2/Ros2Projects/oom_ws/install/custom_interface/share/custom_interface/cmake/custom_interface__rosidl_typesupport_introspection_cppExport-noconfig.cmake
-- Up-to-date: /home/ros2/Ros2Projects/oom_ws/install/custom_interface/share/custom_interface/cmake/custom_interface__rosidl_typesupport_cppExport.cmake
-- Installing: /home/ros2/Ros2Projects/oom_ws/install/custom_interface/share/custom_interface/cmake/custom_interface__rosidl_typesupport_cppExport-noconfig.cmake
-- Up-to-date: /home/ros2/Ros2Projects/oom_ws/install/custom_interface/share/custom_interface/cmake/rosidl_cmake-extras.cmake
-- Up-to-date: /home/ros2/Ros2Projects/oom_ws/install/custom_interface/share/custom_interface/cmake/ament_cmake_export_dependencies-extras.cmake
-- Up-to-date: /home/ros2/Ros2Projects/oom_ws/install/custom_interface/share/custom_interface/cmake/ament_cmake_export_libraries-extras.cmake
-- Up-to-date: /home/ros2/Ros2Projects/oom_ws/install/custom_interface/share/custom_interface/cmake/ament_cmake_export_targets-extras.cmake
-- Up-to-date: /home/ros2/Ros2Projects/oom_ws/install/custom_interface/share/custom_interface/cmake/ament_cmake_export_include_directories-extras.cmake
-- Up-to-date: /home/ros2/Ros2Projects/oom_ws/install/custom_interface/share/custom_interface/cmake/rosidl_cmake_export_typesupport_libraries-extras.cmake
-- Up-to-date: /home/ros2/Ros2Projects/oom_ws/install/custom_interface/share/custom_interface/cmake/rosidl_cmake_export_typesupport_targets-extras.cmake
-- Up-to-date: /home/ros2/Ros2Projects/oom_ws/install/custom_interface/share/custom_interface/cmake/custom_interfaceConfig.cmake
-- Up-to-date: /home/ros2/Ros2Projects/oom_ws/install/custom_interface/share/custom_interface/cmake/custom_interfaceConfig-version.cmake
-- Up-to-date: /home/ros2/Ros2Projects/oom_ws/install/custom_interface/share/custom_interface/package.xml
